["INFO" - 7:19:05 PM] Extension Name: esbenp.prettier-vscode.
["INFO" - 7:19:05 PM] Extension Version: 9.0.0.
["INFO" - 7:32:46 PM] Formatting file:///home/baianor/Workspace/Rocketseat/patricarParaAperfeicoar.js
["INFO" - 7:32:46 PM] Using ignore file (if present) at /home/baianor/Workspace/Rocketseat/.prettierignore
["INFO" - 7:32:46 PM] File Info:
{
  "ignored": false,
  "inferredParser": "babel"
}
["INFO" - 7:32:46 PM] No local configuration (i.e. .prettierrc or .editorconfig) detected, falling back to VS Code configuration
["INFO" - 7:32:46 PM] Prettier Options:
{
  "arrowParens": "always",
  "bracketSpacing": true,
  "endOfLine": "lf",
  "htmlWhitespaceSensitivity": "css",
  "insertPragma": false,
  "jsxBracketSameLine": false,
  "jsxSingleQuote": true,
  "printWidth": 80,
  "proseWrap": "preserve",
  "quoteProps": "as-needed",
  "requirePragma": false,
  "semi": true,
  "singleQuote": true,
  "tabWidth": 2,
  "trailingComma": "es5",
  "useTabs": false,
  "vueIndentScriptAndStyle": false,
  "filepath": "/home/baianor/Workspace/Rocketseat/patricarParaAperfeicoar.js",
  "parser": "babel"
}
["INFO" - 7:32:46 PM] Formatting completed in 0.141ms.
