["INFO" - 6:22:28 PM] Extension Name: esbenp.prettier-vscode.
["INFO" - 6:22:28 PM] Extension Version: 9.1.0.
["INFO" - 6:32:25 PM] Formatting file:///home/baianor/Trybe/exercicios-TRYBE/fundamentos/bloco-07-introcucao-es6-e-testes-unitarios/7.3-jest/exercise/sum.test.js
["INFO" - 6:32:25 PM] Using ignore file (if present) at /home/baianor/Trybe/exercicios-TRYBE/fundamentos/bloco-07-introcucao-es6-e-testes-unitarios/7.3-jest/exercise/.prettierignore
["INFO" - 6:32:25 PM] File Info:
{
  "ignored": false,
  "inferredParser": "babel"
}
["INFO" - 6:32:25 PM] No local configuration (i.e. .prettierrc or .editorconfig) detected, falling back to VS Code configuration
["INFO" - 6:32:25 PM] Prettier Options:
{
  "arrowParens": "always",
  "bracketSpacing": true,
  "endOfLine": "lf",
  "htmlWhitespaceSensitivity": "css",
  "insertPragma": false,
  "jsxBracketSameLine": false,
  "jsxSingleQuote": true,
  "printWidth": 800,
  "proseWrap": "preserve",
  "quoteProps": "as-needed",
  "requirePragma": false,
  "semi": true,
  "singleQuote": true,
  "tabWidth": 2,
  "trailingComma": "es5",
  "useTabs": false,
  "vueIndentScriptAndStyle": false,
  "filepath": "/home/baianor/Trybe/exercicios-TRYBE/fundamentos/bloco-07-introcucao-es6-e-testes-unitarios/7.3-jest/exercise/sum.test.js",
  "parser": "babel"
}
["INFO" - 6:32:25 PM] Formatting completed in 0.1ms.
["INFO" - 6:53:08 PM] Formatting file:///home/baianor/Trybe/exercicios-TRYBE/fundamentos/bloco-07-introcucao-es6-e-testes-unitarios/7.3-jest/exercise/sum.js
["INFO" - 6:53:08 PM] Using ignore file (if present) at /home/baianor/Trybe/exercicios-TRYBE/fundamentos/bloco-07-introcucao-es6-e-testes-unitarios/7.3-jest/exercise/.prettierignore
["INFO" - 6:53:08 PM] File Info:
{
  "ignored": false,
  "inferredParser": "babel"
}
["INFO" - 6:53:08 PM] No local configuration (i.e. .prettierrc or .editorconfig) detected, falling back to VS Code configuration
["INFO" - 6:53:08 PM] Prettier Options:
{
  "arrowParens": "always",
  "bracketSpacing": true,
  "endOfLine": "lf",
  "htmlWhitespaceSensitivity": "css",
  "insertPragma": false,
  "jsxBracketSameLine": false,
  "jsxSingleQuote": true,
  "printWidth": 800,
  "proseWrap": "preserve",
  "quoteProps": "as-needed",
  "requirePragma": false,
  "semi": true,
  "singleQuote": true,
  "tabWidth": 2,
  "trailingComma": "es5",
  "useTabs": false,
  "vueIndentScriptAndStyle": false,
  "filepath": "/home/baianor/Trybe/exercicios-TRYBE/fundamentos/bloco-07-introcucao-es6-e-testes-unitarios/7.3-jest/exercise/sum.js",
  "parser": "babel"
}
["INFO" - 6:53:08 PM] Formatting completed in 0.07ms.
["INFO" - 6:56:23 PM] Formatting file:///home/baianor/Trybe/exercicios-TRYBE/fundamentos/bloco-07-introcucao-es6-e-testes-unitarios/7.3-jest/exercise/sum.test.js
["INFO" - 6:56:23 PM] Using ignore file (if present) at /home/baianor/Trybe/exercicios-TRYBE/fundamentos/bloco-07-introcucao-es6-e-testes-unitarios/7.3-jest/exercise/.prettierignore
["INFO" - 6:56:23 PM] File Info:
{
  "ignored": false,
  "inferredParser": "babel"
}
["INFO" - 6:56:23 PM] No local configuration (i.e. .prettierrc or .editorconfig) detected, falling back to VS Code configuration
["INFO" - 6:56:23 PM] Prettier Options:
{
  "arrowParens": "always",
  "bracketSpacing": true,
  "endOfLine": "lf",
  "htmlWhitespaceSensitivity": "css",
  "insertPragma": false,
  "jsxBracketSameLine": false,
  "jsxSingleQuote": true,
  "printWidth": 800,
  "proseWrap": "preserve",
  "quoteProps": "as-needed",
  "requirePragma": false,
  "semi": true,
  "singleQuote": true,
  "tabWidth": 2,
  "trailingComma": "es5",
  "useTabs": false,
  "vueIndentScriptAndStyle": false,
  "filepath": "/home/baianor/Trybe/exercicios-TRYBE/fundamentos/bloco-07-introcucao-es6-e-testes-unitarios/7.3-jest/exercise/sum.test.js",
  "parser": "babel"
}
["ERROR" - 6:56:23 PM] Error formatting document.
["ERROR" - 6:56:23 PM] Unexpected token, expected "," (17:4)
  15 | it('error messas is "parameters must be numbers"', () => {
  16 |   expect(() => sum(4, '5')).toThrow('parameters must be numbers');
> 17 | })}
     |    ^
SyntaxError: Unexpected token, expected "," (17:4)
  15 | it('error messas is "parameters must be numbers"', () => {
  16 |   expect(() => sum(4, '5')).toThrow('parameters must be numbers');
> 17 | })}
     |    ^
    at ku (/home/baianor/.vscode/extensions/esbenp.prettier-vscode-9.1.0/node_modules/prettier/parser-babel.js:1:54954)
    at Ou (/home/baianor/.vscode/extensions/esbenp.prettier-vscode-9.1.0/node_modules/prettier/parser-babel.js:1:55095)
    at Object.parse (/home/baianor/.vscode/extensions/esbenp.prettier-vscode-9.1.0/node_modules/prettier/parser-babel.js:1:381583)
    at Object.parse$d [as parse] (/home/baianor/.vscode/extensions/esbenp.prettier-vscode-9.1.0/node_modules/prettier/index.js:12975:19)
    at coreFormat (/home/baianor/.vscode/extensions/esbenp.prettier-vscode-9.1.0/node_modules/prettier/index.js:14525:16)
    at formatWithCursor$1 (/home/baianor/.vscode/extensions/esbenp.prettier-vscode-9.1.0/node_modules/prettier/index.js:14765:14)
    at /home/baianor/.vscode/extensions/esbenp.prettier-vscode-9.1.0/node_modules/prettier/index.js:60959:12
    at Object.Success [as format] (/home/baianor/.vscode/extensions/esbenp.prettier-vscode-9.1.0/node_modules/prettier/index.js:60979:12)
    at t.default.<anonymous> (/home/baianor/.vscode/extensions/esbenp.prettier-vscode-9.1.0/src/PrettierEditService.ts:435:45)
    at Generator.next (<anonymous>)
    at s (/home/baianor/.vscode/extensions/esbenp.prettier-vscode-9.1.0/dist/extension.js:1:7872)
["INFO" - 6:56:23 PM] Formatting completed in 0.117ms.
["INFO" - 6:56:51 PM] Formatting file:///home/baianor/Trybe/exercicios-TRYBE/fundamentos/bloco-07-introcucao-es6-e-testes-unitarios/7.3-jest/exercise/sum.test.js
["INFO" - 6:56:51 PM] Using ignore file (if present) at /home/baianor/Trybe/exercicios-TRYBE/fundamentos/bloco-07-introcucao-es6-e-testes-unitarios/7.3-jest/exercise/.prettierignore
["INFO" - 6:56:51 PM] File Info:
{
  "ignored": false,
  "inferredParser": "babel"
}
["INFO" - 6:56:51 PM] No local configuration (i.e. .prettierrc or .editorconfig) detected, falling back to VS Code configuration
["INFO" - 6:56:51 PM] Prettier Options:
{
  "arrowParens": "always",
  "bracketSpacing": true,
  "endOfLine": "lf",
  "htmlWhitespaceSensitivity": "css",
  "insertPragma": false,
  "jsxBracketSameLine": false,
  "jsxSingleQuote": true,
  "printWidth": 800,
  "proseWrap": "preserve",
  "quoteProps": "as-needed",
  "requirePragma": false,
  "semi": true,
  "singleQuote": true,
  "tabWidth": 2,
  "trailingComma": "es5",
  "useTabs": false,
  "vueIndentScriptAndStyle": false,
  "filepath": "/home/baianor/Trybe/exercicios-TRYBE/fundamentos/bloco-07-introcucao-es6-e-testes-unitarios/7.3-jest/exercise/sum.test.js",
  "parser": "babel"
}
["INFO" - 6:56:52 PM] Formatting completed in 0.086ms.
["INFO" - 7:15:13 PM] Formatting file:///home/baianor/Trybe/exercicios-TRYBE/fundamentos/bloco-07-introcucao-es6-e-testes-unitarios/7.3-jest/exercise/sum.test.js
["INFO" - 7:15:13 PM] Using ignore file (if present) at /home/baianor/Trybe/exercicios-TRYBE/fundamentos/bloco-07-introcucao-es6-e-testes-unitarios/7.3-jest/exercise/.prettierignore
["INFO" - 7:15:13 PM] File Info:
{
  "ignored": false,
  "inferredParser": "babel"
}
["INFO" - 7:15:13 PM] No local configuration (i.e. .prettierrc or .editorconfig) detected, falling back to VS Code configuration
["INFO" - 7:15:13 PM] Prettier Options:
{
  "arrowParens": "always",
  "bracketSpacing": true,
  "endOfLine": "lf",
  "htmlWhitespaceSensitivity": "css",
  "insertPragma": false,
  "jsxBracketSameLine": false,
  "jsxSingleQuote": true,
  "printWidth": 800,
  "proseWrap": "preserve",
  "quoteProps": "as-needed",
  "requirePragma": false,
  "semi": true,
  "singleQuote": true,
  "tabWidth": 2,
  "trailingComma": "es5",
  "useTabs": false,
  "vueIndentScriptAndStyle": false,
  "filepath": "/home/baianor/Trybe/exercicios-TRYBE/fundamentos/bloco-07-introcucao-es6-e-testes-unitarios/7.3-jest/exercise/sum.test.js",
  "parser": "babel"
}
["INFO" - 7:15:13 PM] Formatting completed in 0.093ms.
["INFO" - 7:16:12 PM] Formatting file:///home/baianor/Trybe/exercicios-TRYBE/fundamentos/bloco-07-introcucao-es6-e-testes-unitarios/7.3-jest/exercise/sum.test.js
["INFO" - 7:16:12 PM] Using ignore file (if present) at /home/baianor/Trybe/exercicios-TRYBE/fundamentos/bloco-07-introcucao-es6-e-testes-unitarios/7.3-jest/exercise/.prettierignore
["INFO" - 7:16:12 PM] File Info:
{
  "ignored": false,
  "inferredParser": "babel"
}
["INFO" - 7:16:12 PM] No local configuration (i.e. .prettierrc or .editorconfig) detected, falling back to VS Code configuration
["INFO" - 7:16:12 PM] Prettier Options:
{
  "arrowParens": "always",
  "bracketSpacing": true,
  "endOfLine": "lf",
  "htmlWhitespaceSensitivity": "css",
  "insertPragma": false,
  "jsxBracketSameLine": false,
  "jsxSingleQuote": true,
  "printWidth": 800,
  "proseWrap": "preserve",
  "quoteProps": "as-needed",
  "requirePragma": false,
  "semi": true,
  "singleQuote": true,
  "tabWidth": 2,
  "trailingComma": "es5",
  "useTabs": false,
  "vueIndentScriptAndStyle": false,
  "filepath": "/home/baianor/Trybe/exercicios-TRYBE/fundamentos/bloco-07-introcucao-es6-e-testes-unitarios/7.3-jest/exercise/sum.test.js",
  "parser": "babel"
}
["INFO" - 7:16:12 PM] Formatting completed in 0.047ms.
["INFO" - 7:26:55 PM] Formatting file:///home/baianor/Trybe/exercicios-TRYBE/fundamentos/bloco-07-introcucao-es6-e-testes-unitarios/7.3-jest/exercise/functions.js
["INFO" - 7:26:55 PM] Using ignore file (if present) at /home/baianor/Trybe/exercicios-TRYBE/fundamentos/bloco-07-introcucao-es6-e-testes-unitarios/7.3-jest/exercise/.prettierignore
["INFO" - 7:26:55 PM] File Info:
{
  "ignored": false,
  "inferredParser": "babel"
}
["INFO" - 7:26:55 PM] No local configuration (i.e. .prettierrc or .editorconfig) detected, falling back to VS Code configuration
["INFO" - 7:26:55 PM] Prettier Options:
{
  "arrowParens": "always",
  "bracketSpacing": true,
  "endOfLine": "lf",
  "htmlWhitespaceSensitivity": "css",
  "insertPragma": false,
  "jsxBracketSameLine": false,
  "jsxSingleQuote": true,
  "printWidth": 800,
  "proseWrap": "preserve",
  "quoteProps": "as-needed",
  "requirePragma": false,
  "semi": true,
  "singleQuote": true,
  "tabWidth": 2,
  "trailingComma": "es5",
  "useTabs": false,
  "vueIndentScriptAndStyle": false,
  "filepath": "/home/baianor/Trybe/exercicios-TRYBE/fundamentos/bloco-07-introcucao-es6-e-testes-unitarios/7.3-jest/exercise/functions.js",
  "parser": "babel"
}
["INFO" - 7:26:56 PM] Formatting completed in 0.088ms.
["INFO" - 8:37:58 PM] Formatting file:///home/baianor/Trybe/exercicios-TRYBE/fundamentos/bloco-07-introcucao-es6-e-testes-unitarios/7.3-jest/exercise/sum.test.js
["INFO" - 8:37:58 PM] Using ignore file (if present) at /home/baianor/Trybe/exercicios-TRYBE/fundamentos/bloco-07-introcucao-es6-e-testes-unitarios/7.3-jest/exercise/.prettierignore
["INFO" - 8:37:58 PM] File Info:
{
  "ignored": false,
  "inferredParser": "babel"
}
["INFO" - 8:37:58 PM] No local configuration (i.e. .prettierrc or .editorconfig) detected, falling back to VS Code configuration
["INFO" - 8:37:58 PM] Prettier Options:
{
  "arrowParens": "always",
  "bracketSpacing": true,
  "endOfLine": "lf",
  "htmlWhitespaceSensitivity": "css",
  "insertPragma": false,
  "jsxBracketSameLine": false,
  "jsxSingleQuote": true,
  "printWidth": 800,
  "proseWrap": "preserve",
  "quoteProps": "as-needed",
  "requirePragma": false,
  "semi": true,
  "singleQuote": true,
  "tabWidth": 2,
  "trailingComma": "es5",
  "useTabs": false,
  "vueIndentScriptAndStyle": false,
  "filepath": "/home/baianor/Trybe/exercicios-TRYBE/fundamentos/bloco-07-introcucao-es6-e-testes-unitarios/7.3-jest/exercise/sum.test.js",
  "parser": "babel"
}
["INFO" - 8:37:58 PM] Formatting completed in 0.129ms.
["INFO" - 8:38:11 PM] Formatting file:///home/baianor/Trybe/exercicios-TRYBE/fundamentos/bloco-07-introcucao-es6-e-testes-unitarios/7.3-jest/exercise/sum.test.js
["INFO" - 8:38:11 PM] Using ignore file (if present) at /home/baianor/Trybe/exercicios-TRYBE/fundamentos/bloco-07-introcucao-es6-e-testes-unitarios/7.3-jest/exercise/.prettierignore
["INFO" - 8:38:11 PM] File Info:
{
  "ignored": false,
  "inferredParser": "babel"
}
["INFO" - 8:38:11 PM] No local configuration (i.e. .prettierrc or .editorconfig) detected, falling back to VS Code configuration
["INFO" - 8:38:11 PM] Prettier Options:
{
  "arrowParens": "always",
  "bracketSpacing": true,
  "endOfLine": "lf",
  "htmlWhitespaceSensitivity": "css",
  "insertPragma": false,
  "jsxBracketSameLine": false,
  "jsxSingleQuote": true,
  "printWidth": 800,
  "proseWrap": "preserve",
  "quoteProps": "as-needed",
  "requirePragma": false,
  "semi": true,
  "singleQuote": true,
  "tabWidth": 2,
  "trailingComma": "es5",
  "useTabs": false,
  "vueIndentScriptAndStyle": false,
  "filepath": "/home/baianor/Trybe/exercicios-TRYBE/fundamentos/bloco-07-introcucao-es6-e-testes-unitarios/7.3-jest/exercise/sum.test.js",
  "parser": "babel"
}
["INFO" - 8:38:11 PM] Formatting completed in 0.076ms.
["INFO" - 8:38:11 PM] Formatting file:///home/baianor/Trybe/exercicios-TRYBE/fundamentos/bloco-07-introcucao-es6-e-testes-unitarios/7.3-jest/exercise/sum.test.js
["INFO" - 8:38:11 PM] Using ignore file (if present) at /home/baianor/Trybe/exercicios-TRYBE/fundamentos/bloco-07-introcucao-es6-e-testes-unitarios/7.3-jest/exercise/.prettierignore
["INFO" - 8:38:11 PM] File Info:
{
  "ignored": false,
  "inferredParser": "babel"
}
["INFO" - 8:38:11 PM] No local configuration (i.e. .prettierrc or .editorconfig) detected, falling back to VS Code configuration
["INFO" - 8:38:11 PM] Prettier Options:
{
  "arrowParens": "always",
  "bracketSpacing": true,
  "endOfLine": "lf",
  "htmlWhitespaceSensitivity": "css",
  "insertPragma": false,
  "jsxBracketSameLine": false,
  "jsxSingleQuote": true,
  "printWidth": 800,
  "proseWrap": "preserve",
  "quoteProps": "as-needed",
  "requirePragma": false,
  "semi": true,
  "singleQuote": true,
  "tabWidth": 2,
  "trailingComma": "es5",
  "useTabs": false,
  "vueIndentScriptAndStyle": false,
  "filepath": "/home/baianor/Trybe/exercicios-TRYBE/fundamentos/bloco-07-introcucao-es6-e-testes-unitarios/7.3-jest/exercise/sum.test.js",
  "parser": "babel"
}
["INFO" - 8:38:11 PM] Formatting completed in 0.06ms.
["INFO" - 8:38:12 PM] Formatting file:///home/baianor/Trybe/exercicios-TRYBE/fundamentos/bloco-07-introcucao-es6-e-testes-unitarios/7.3-jest/exercise/sum.test.js
["INFO" - 8:38:12 PM] Using ignore file (if present) at /home/baianor/Trybe/exercicios-TRYBE/fundamentos/bloco-07-introcucao-es6-e-testes-unitarios/7.3-jest/exercise/.prettierignore
["INFO" - 8:38:12 PM] File Info:
{
  "ignored": false,
  "inferredParser": "babel"
}
["INFO" - 8:38:12 PM] No local configuration (i.e. .prettierrc or .editorconfig) detected, falling back to VS Code configuration
["INFO" - 8:38:12 PM] Prettier Options:
{
  "arrowParens": "always",
  "bracketSpacing": true,
  "endOfLine": "lf",
  "htmlWhitespaceSensitivity": "css",
  "insertPragma": false,
  "jsxBracketSameLine": false,
  "jsxSingleQuote": true,
  "printWidth": 800,
  "proseWrap": "preserve",
  "quoteProps": "as-needed",
  "requirePragma": false,
  "semi": true,
  "singleQuote": true,
  "tabWidth": 2,
  "trailingComma": "es5",
  "useTabs": false,
  "vueIndentScriptAndStyle": false,
  "filepath": "/home/baianor/Trybe/exercicios-TRYBE/fundamentos/bloco-07-introcucao-es6-e-testes-unitarios/7.3-jest/exercise/sum.test.js",
  "parser": "babel"
}
["INFO" - 8:38:12 PM] Formatting completed in 0.053ms.
["INFO" - 8:38:12 PM] Formatting file:///home/baianor/Trybe/exercicios-TRYBE/fundamentos/bloco-07-introcucao-es6-e-testes-unitarios/7.3-jest/exercise/sum.test.js
["INFO" - 8:38:12 PM] Using ignore file (if present) at /home/baianor/Trybe/exercicios-TRYBE/fundamentos/bloco-07-introcucao-es6-e-testes-unitarios/7.3-jest/exercise/.prettierignore
["INFO" - 8:38:12 PM] File Info:
{
  "ignored": false,
  "inferredParser": "babel"
}
["INFO" - 8:38:12 PM] No local configuration (i.e. .prettierrc or .editorconfig) detected, falling back to VS Code configuration
["INFO" - 8:38:12 PM] Prettier Options:
{
  "arrowParens": "always",
  "bracketSpacing": true,
  "endOfLine": "lf",
  "htmlWhitespaceSensitivity": "css",
  "insertPragma": false,
  "jsxBracketSameLine": false,
  "jsxSingleQuote": true,
  "printWidth": 800,
  "proseWrap": "preserve",
  "quoteProps": "as-needed",
  "requirePragma": false,
  "semi": true,
  "singleQuote": true,
  "tabWidth": 2,
  "trailingComma": "es5",
  "useTabs": false,
  "vueIndentScriptAndStyle": false,
  "filepath": "/home/baianor/Trybe/exercicios-TRYBE/fundamentos/bloco-07-introcucao-es6-e-testes-unitarios/7.3-jest/exercise/sum.test.js",
  "parser": "babel"
}
["INFO" - 8:38:12 PM] Formatting completed in 0.065ms.
["INFO" - 8:43:32 PM] Formatting file:///home/baianor/Trybe/exercicios-TRYBE/fundamentos/bloco-07-introcucao-es6-e-testes-unitarios/7.3-jest/exercise/functions.js
["INFO" - 8:43:32 PM] Using ignore file (if present) at /home/baianor/Trybe/exercicios-TRYBE/fundamentos/bloco-07-introcucao-es6-e-testes-unitarios/7.3-jest/exercise/.prettierignore
["INFO" - 8:43:32 PM] File Info:
{
  "ignored": false,
  "inferredParser": "babel"
}
["INFO" - 8:43:32 PM] No local configuration (i.e. .prettierrc or .editorconfig) detected, falling back to VS Code configuration
["INFO" - 8:43:32 PM] Prettier Options:
{
  "arrowParens": "always",
  "bracketSpacing": true,
  "endOfLine": "lf",
  "htmlWhitespaceSensitivity": "css",
  "insertPragma": false,
  "jsxBracketSameLine": false,
  "jsxSingleQuote": true,
  "printWidth": 800,
  "proseWrap": "preserve",
  "quoteProps": "as-needed",
  "requirePragma": false,
  "semi": true,
  "singleQuote": true,
  "tabWidth": 2,
  "trailingComma": "es5",
  "useTabs": false,
  "vueIndentScriptAndStyle": false,
  "filepath": "/home/baianor/Trybe/exercicios-TRYBE/fundamentos/bloco-07-introcucao-es6-e-testes-unitarios/7.3-jest/exercise/functions.js",
  "parser": "babel"
}
["ERROR" - 8:43:32 PM] Error formatting document.
["ERROR" - 8:43:32 PM] Unexpected token (55:3)
  53 |     obj.tech = item,
  54 |     name,
> 55 |   })
     |   ^
  56 |   return obj;
  57 | }
  58 | module.exports = {
SyntaxError: Unexpected token (55:3)
  53 |     obj.tech = item,
  54 |     name,
> 55 |   })
     |   ^
  56 |   return obj;
  57 | }
  58 | module.exports = {
    at ku (/home/baianor/.vscode/extensions/esbenp.prettier-vscode-9.1.0/node_modules/prettier/parser-babel.js:1:54954)
    at Ou (/home/baianor/.vscode/extensions/esbenp.prettier-vscode-9.1.0/node_modules/prettier/parser-babel.js:1:55095)
    at Object.parse (/home/baianor/.vscode/extensions/esbenp.prettier-vscode-9.1.0/node_modules/prettier/parser-babel.js:1:381583)
    at Object.parse$d [as parse] (/home/baianor/.vscode/extensions/esbenp.prettier-vscode-9.1.0/node_modules/prettier/index.js:12975:19)
    at coreFormat (/home/baianor/.vscode/extensions/esbenp.prettier-vscode-9.1.0/node_modules/prettier/index.js:14525:16)
    at formatWithCursor$1 (/home/baianor/.vscode/extensions/esbenp.prettier-vscode-9.1.0/node_modules/prettier/index.js:14765:14)
    at /home/baianor/.vscode/extensions/esbenp.prettier-vscode-9.1.0/node_modules/prettier/index.js:60959:12
    at Object.Success [as format] (/home/baianor/.vscode/extensions/esbenp.prettier-vscode-9.1.0/node_modules/prettier/index.js:60979:12)
    at t.default.<anonymous> (/home/baianor/.vscode/extensions/esbenp.prettier-vscode-9.1.0/src/PrettierEditService.ts:435:45)
    at Generator.next (<anonymous>)
    at s (/home/baianor/.vscode/extensions/esbenp.prettier-vscode-9.1.0/dist/extension.js:1:7872)
["INFO" - 8:43:32 PM] Formatting completed in 0.073ms.
