[2022-01-13 14:58:27.799] [exthost] [info] Extension host with pid 155092 started
[2022-01-13 14:58:27.800] [exthost] [info] Skipping acquiring lock for /home/baianor/.config/Code/User/workspaceStorage/90ea33e053214e5434a48a0fbc939290.
[2022-01-13 14:58:27.913] [exthost] [info] ExtensionService#_doActivateExtension vscode.microsoft-authentication, startup: false, activationEvent: 'onAuthenticationRequest:microsoft'
[2022-01-13 14:58:27.923] [exthost] [info] ExtensionService#_doActivateExtension vscode.debug-auto-launch, startup: true, activationEvent: '*'
[2022-01-13 14:58:27.926] [exthost] [info] ExtensionService#_doActivateExtension vscode.git-base, startup: true, activationEvent: '*', root cause: vscode.github
[2022-01-13 14:58:27.928] [exthost] [info] ExtensionService#_doActivateExtension formulahendry.auto-close-tag, startup: true, activationEvent: '*'
[2022-01-13 14:58:27.930] [exthost] [info] ExtensionService#_doActivateExtension naumovs.color-highlight, startup: true, activationEvent: '*'
[2022-01-13 14:58:27.936] [exthost] [info] ExtensionService#_doActivateExtension redwan-hossain.auto-rename-tag-clone, startup: true, activationEvent: '*'
[2022-01-13 14:58:27.944] [exthost] [info] ExtensionService#_doActivateExtension ritwickdey.LiveServer, startup: true, activationEvent: '*'
[2022-01-13 14:58:28.190] [exthost] [info] ExtensionService#_doActivateExtension sainnhe.gruvbox-material, startup: true, activationEvent: '*'
[2022-01-13 14:58:28.204] [exthost] [info] ExtensionService#_doActivateExtension Shan.code-settings-sync, startup: true, activationEvent: '*'
[2022-01-13 14:58:28.256] [exthost] [info] ExtensionService#_doActivateExtension TabNine.tabnine-vscode, startup: true, activationEvent: '*'
[2022-01-13 14:58:28.279] [exthost] [info] ExtensionService#_doActivateExtension Zignd.html-css-class-completion, startup: true, activationEvent: '*'
[2022-01-13 14:58:28.556] [exthost] [info] ExtensionService#_doActivateExtension vscode.html-language-features, startup: false, activationEvent: 'onLanguage:html'
[2022-01-13 14:58:28.767] [exthost] [info] ExtensionService#_doActivateExtension vscode.configuration-editing, startup: false, activationEvent: 'onLanguage:jsonc'
[2022-01-13 14:58:28.771] [exthost] [info] ExtensionService#_doActivateExtension vscode.json-language-features, startup: false, activationEvent: 'onLanguage:jsonc'
[2022-01-13 14:58:28.806] [exthost] [info] ExtensionService#_doActivateExtension vscode.typescript-language-features, startup: false, activationEvent: 'onLanguage:jsonc'
[2022-01-13 14:58:29.034] [exthost] [info] ExtensionService#_doActivateExtension vscode.github-authentication, startup: false, activationEvent: 'onAuthenticationRequest:github'
[2022-01-13 14:58:29.049] [exthost] [info] ExtensionService#_doActivateExtension vscode.git, startup: true, activationEvent: '*'
[2022-01-13 14:58:29.075] [exthost] [info] ExtensionService#_doActivateExtension vscode.github, startup: true, activationEvent: '*'
[2022-01-13 14:58:29.226] [exthost] [info] Eager extensions activated
[2022-01-13 14:58:29.543] [exthost] [info] ExtensionService#_doActivateExtension vscode.emmet, startup: false, activationEvent: 'onStartupFinished'
[2022-01-13 14:58:29.553] [exthost] [info] ExtensionService#_doActivateExtension vscode.merge-conflict, startup: false, activationEvent: 'onStartupFinished'
[2022-01-13 14:58:29.556] [exthost] [info] ExtensionService#_doActivateExtension bradlc.vscode-tailwindcss, startup: false, activationEvent: 'onStartupFinished'
[2022-01-13 14:58:29.570] [exthost] [info] ExtensionService#_doActivateExtension dbaeumer.vscode-eslint, startup: false, activationEvent: 'onStartupFinished'
[2022-01-13 14:58:29.583] [exthost] [info] ExtensionService#_doActivateExtension eamodio.gitlens, startup: false, activationEvent: 'onStartupFinished'
[2022-01-13 14:58:29.629] [exthost] [info] ExtensionService#_doActivateExtension esbenp.prettier-vscode, startup: false, activationEvent: 'onStartupFinished'
[2022-01-13 14:58:29.880] [exthost] [info] ExtensionService#_doActivateExtension formulahendry.code-runner, startup: false, activationEvent: 'onStartupFinished'
[2022-01-13 14:58:29.909] [exthost] [info] ExtensionService#_doActivateExtension PKief.material-icon-theme, startup: false, activationEvent: 'onStartupFinished'
[2022-01-13 14:58:29.918] [exthost] [info] ExtensionService#_doActivateExtension streetsidesoftware.code-spell-checker, startup: false, activationEvent: 'onStartupFinished'
[2022-01-13 14:58:29.945] [exthost] [info] ExtensionService#_doActivateExtension stylelint.vscode-stylelint, startup: false, activationEvent: 'onStartupFinished'
[2022-01-13 14:58:29.964] [exthost] [info] ExtensionService#_doActivateExtension unthrottled.doki-theme, startup: false, activationEvent: 'onStartupFinished'
[2022-01-13 14:58:30.427] [exthost] [info] ExtensionService#_doActivateExtension streetsidesoftware.code-spell-checker-portuguese-brazilian, startup: false, activationEvent: 'onStartupFinished'
[2022-01-13 15:14:52.714] [exthost] [error] Error: You cannot rename this element.
    at _.convert (/opt/visual-studio-code/resources/app/out/vs/workbench/services/extensions/node/extensionHostProcess.js:95:41025)
    at d.registerCommand.description (/opt/visual-studio-code/resources/app/out/vs/workbench/services/extensions/node/extensionHostProcess.js:95:29157)
    at processTicksAndRejections (internal/process/task_queues.js:93:5)
    at r._executeContributedCommand (/opt/visual-studio-code/resources/app/out/vs/workbench/services/extensions/node/extensionHostProcess.js:95:31072)
    at /home/baianor/.vscode/extensions/streetsidesoftware.code-spell-checker-2.1.4/packages/client/dist/extension.js:2:285280
    at cSpell.editText (/home/baianor/.vscode/extensions/streetsidesoftware.code-spell-checker-2.1.4/packages/client/dist/extension.js:2:285007)
    at r._executeContributedCommand (/opt/visual-studio-code/resources/app/out/vs/workbench/services/extensions/node/extensionHostProcess.js:95:31072)
    at r._executeContributedCommand (/opt/visual-studio-code/resources/app/out/vs/workbench/services/extensions/node/extensionHostProcess.js:95:31072) vscode.executeDocumentRenameProvider undefined
[2022-01-13 15:29:52.051] [exthost] [error] Error: You cannot rename this element.
    at _.convert (/opt/visual-studio-code/resources/app/out/vs/workbench/services/extensions/node/extensionHostProcess.js:95:41025)
    at d.registerCommand.description (/opt/visual-studio-code/resources/app/out/vs/workbench/services/extensions/node/extensionHostProcess.js:95:29157)
    at runMicrotasks (<anonymous>)
    at processTicksAndRejections (internal/process/task_queues.js:93:5)
    at r._executeContributedCommand (/opt/visual-studio-code/resources/app/out/vs/workbench/services/extensions/node/extensionHostProcess.js:95:31072)
    at /home/baianor/.vscode/extensions/streetsidesoftware.code-spell-checker-2.1.4/packages/client/dist/extension.js:2:285280
    at cSpell.editText (/home/baianor/.vscode/extensions/streetsidesoftware.code-spell-checker-2.1.4/packages/client/dist/extension.js:2:285007)
    at r._executeContributedCommand (/opt/visual-studio-code/resources/app/out/vs/workbench/services/extensions/node/extensionHostProcess.js:95:31072)
    at r._executeContributedCommand (/opt/visual-studio-code/resources/app/out/vs/workbench/services/extensions/node/extensionHostProcess.js:95:31072) vscode.executeDocumentRenameProvider undefined
[2022-01-13 15:32:17.759] [exthost] [info] extension host terminating: renderer closed the socket
[2022-01-13 15:32:17.821] [exthost] [warning] {"name":"Canceled"}
[2022-01-13 15:32:18.419] [exthost] [info] Extension host with pid 155092 exiting with code 0
