[2022-01-14 14:50:33.062] [exthost] [info] Extension host with pid 89936 started
[2022-01-14 14:50:33.062] [exthost] [info] Skipping acquiring lock for /home/baianor/.config/Code/User/workspaceStorage/11a480d564642dd53e8bb8494cf10718.
[2022-01-14 14:50:33.214] [exthost] [info] ExtensionService#_doActivateExtension vscode.microsoft-authentication, startup: false, activationEvent: 'onAuthenticationRequest:microsoft'
[2022-01-14 14:50:33.225] [exthost] [info] ExtensionService#_doActivateExtension vscode.debug-auto-launch, startup: true, activationEvent: '*'
[2022-01-14 14:50:33.227] [exthost] [info] ExtensionService#_doActivateExtension vscode.git-base, startup: true, activationEvent: '*', root cause: vscode.github
[2022-01-14 14:50:33.230] [exthost] [info] ExtensionService#_doActivateExtension formulahendry.auto-close-tag, startup: true, activationEvent: '*'
[2022-01-14 14:50:33.231] [exthost] [info] ExtensionService#_doActivateExtension naumovs.color-highlight, startup: true, activationEvent: '*'
[2022-01-14 14:50:33.238] [exthost] [info] ExtensionService#_doActivateExtension redwan-hossain.auto-rename-tag-clone, startup: true, activationEvent: '*'
[2022-01-14 14:50:33.246] [exthost] [info] ExtensionService#_doActivateExtension ritwickdey.LiveServer, startup: true, activationEvent: '*'
[2022-01-14 14:50:33.524] [exthost] [info] ExtensionService#_doActivateExtension sainnhe.gruvbox-material, startup: true, activationEvent: '*'
[2022-01-14 14:50:33.540] [exthost] [info] ExtensionService#_doActivateExtension Shan.code-settings-sync, startup: true, activationEvent: '*'
[2022-01-14 14:50:33.597] [exthost] [info] ExtensionService#_doActivateExtension TabNine.tabnine-vscode, startup: true, activationEvent: '*'
[2022-01-14 14:50:33.621] [exthost] [info] ExtensionService#_doActivateExtension Zignd.html-css-class-completion, startup: true, activationEvent: '*'
[2022-01-14 14:50:33.715] [exthost] [info] ExtensionService#_doActivateExtension vscode.npm, startup: true, activationEvent: 'workspaceContains:package.json'
[2022-01-14 14:50:34.037] [exthost] [info] ExtensionService#_doActivateExtension vscode.configuration-editing, startup: false, activationEvent: 'onLanguage:jsonc'
[2022-01-14 14:50:34.040] [exthost] [info] ExtensionService#_doActivateExtension vscode.json-language-features, startup: false, activationEvent: 'onLanguage:jsonc'
[2022-01-14 14:50:34.062] [exthost] [info] ExtensionService#_doActivateExtension vscode.typescript-language-features, startup: false, activationEvent: 'onLanguage:jsonc'
[2022-01-14 14:50:34.572] [exthost] [info] ExtensionService#_doActivateExtension vscode.extension-editing, startup: false, activationEvent: 'onLanguage:json'
[2022-01-14 14:50:34.743] [exthost] [info] ExtensionService#_doActivateExtension vscode.git, startup: true, activationEvent: '*'
[2022-01-14 14:50:34.763] [exthost] [info] ExtensionService#_doActivateExtension vscode.github, startup: true, activationEvent: '*'
[2022-01-14 14:50:34.802] [exthost] [info] ExtensionService#_doActivateExtension vscode.github-authentication, startup: false, activationEvent: 'onAuthenticationRequest:github'
[2022-01-14 14:50:34.933] [exthost] [info] Eager extensions activated
[2022-01-14 14:50:35.041] [exthost] [info] ExtensionService#_doActivateExtension vscode.emmet, startup: false, activationEvent: 'onStartupFinished'
[2022-01-14 14:50:35.048] [exthost] [info] ExtensionService#_doActivateExtension vscode.merge-conflict, startup: false, activationEvent: 'onStartupFinished'
[2022-01-14 14:50:35.050] [exthost] [info] ExtensionService#_doActivateExtension bradlc.vscode-tailwindcss, startup: false, activationEvent: 'onStartupFinished'
[2022-01-14 14:50:35.059] [exthost] [info] ExtensionService#_doActivateExtension dbaeumer.vscode-eslint, startup: false, activationEvent: 'onStartupFinished'
[2022-01-14 14:50:35.070] [exthost] [info] ExtensionService#_doActivateExtension eamodio.gitlens, startup: false, activationEvent: 'onStartupFinished'
[2022-01-14 14:50:35.116] [exthost] [info] ExtensionService#_doActivateExtension esbenp.prettier-vscode, startup: false, activationEvent: 'onStartupFinished'
[2022-01-14 14:50:35.367] [exthost] [info] ExtensionService#_doActivateExtension formulahendry.code-runner, startup: false, activationEvent: 'onStartupFinished'
[2022-01-14 14:50:35.397] [exthost] [info] ExtensionService#_doActivateExtension PKief.material-icon-theme, startup: false, activationEvent: 'onStartupFinished'
[2022-01-14 14:50:35.408] [exthost] [info] ExtensionService#_doActivateExtension streetsidesoftware.code-spell-checker, startup: false, activationEvent: 'onStartupFinished'
[2022-01-14 14:50:35.437] [exthost] [info] ExtensionService#_doActivateExtension stylelint.vscode-stylelint, startup: false, activationEvent: 'onStartupFinished'
[2022-01-14 14:50:35.456] [exthost] [info] ExtensionService#_doActivateExtension unthrottled.doki-theme, startup: false, activationEvent: 'onStartupFinished'
[2022-01-14 14:50:35.899] [exthost] [info] ExtensionService#_doActivateExtension streetsidesoftware.code-spell-checker-portuguese-brazilian, startup: false, activationEvent: 'onStartupFinished'
[2022-01-14 14:50:36.444] [exthost] [error] [vscode.json-language-features] provider FAILED
[2022-01-14 14:50:36.447] [exthost] [error] Canceled: Canceled
    at b.makeCancelError (/opt/visual-studio-code/resources/app/extensions/json-language-features/client/dist/node/jsonClientMain.js:1:492472)
    at b.handleFailedRequest (/opt/visual-studio-code/resources/app/extensions/json-language-features/client/dist/node/jsonClientMain.js:1:492323)
    at /opt/visual-studio-code/resources/app/extensions/json-language-features/client/dist/node/jsonClientMain.js:1:452538
    at o.provideHover (/opt/visual-studio-code/resources/app/out/vs/workbench/services/extensions/node/extensionHostProcess.js:95:90908)
[2022-01-14 14:50:36.448] [exthost] [error] [vscode.json-language-features] provider FAILED
[2022-01-14 14:50:36.448] [exthost] [error] Canceled: Canceled
    at b.makeCancelError (/opt/visual-studio-code/resources/app/extensions/json-language-features/client/dist/node/jsonClientMain.js:1:492472)
    at b.handleFailedRequest (/opt/visual-studio-code/resources/app/extensions/json-language-features/client/dist/node/jsonClientMain.js:1:492323)
    at /opt/visual-studio-code/resources/app/extensions/json-language-features/client/dist/node/jsonClientMain.js:1:452538
    at o.provideHover (/opt/visual-studio-code/resources/app/out/vs/workbench/services/extensions/node/extensionHostProcess.js:95:90908)
[2022-01-14 14:51:53.699] [exthost] [warning] [Decorations] CAPPING events from decorations provider vscode.git 5821
[2022-01-14 14:55:23.583] [exthost] [warning] [Decorations] CAPPING events from decorations provider vscode.git 5822
[2022-01-14 14:55:32.745] [exthost] [warning] [Decorations] CAPPING events from decorations provider vscode.git 5822
[2022-01-14 15:07:11.374] [exthost] [warning] [Decorations] CAPPING events from decorations provider vscode.git 5823
[2022-01-14 15:07:16.667] [exthost] [warning] [Decorations] CAPPING events from decorations provider vscode.git 5823
[2022-01-14 15:12:08.031] [exthost] [warning] [Decorations] CAPPING events from decorations provider vscode.git 5824
[2022-01-14 15:12:21.848] [exthost] [warning] [Decorations] CAPPING events from decorations provider vscode.git 5824
[2022-01-14 15:16:49.132] [exthost] [warning] [Decorations] CAPPING events from decorations provider vscode.git 5824
[2022-01-14 16:26:35.127] [exthost] [info] extension host terminating: renderer closed the socket
[2022-01-14 16:26:35.761] [exthost] [info] Extension host with pid 89936 exiting with code 0
