[Running] /home/baianor/.nvm/versions/node/v16.13.0/bin/node "/home/baianor/Workspace/Rocketseat/patricarParaAperfeicoar.js"
/bin/sh: 1: /home/baianor/.nvm/versions/node/v16.13.0/bin/node: not found

[Done] exited with code=127 in 0.021 seconds

[Running] /home/baianor/.nvm/versions/node/v16.13.0/bin/node "/home/baianor/Workspace/Rocketseat/patricarParaAperfeicoar.js"
/bin/sh: 1: /home/baianor/.nvm/versions/node/v16.13.0/bin/node: not found

[Done] exited with code=127 in 0.013 seconds

[Running] /home/baianor/.nvm/versions/node/v16.13.1/bin/node "/home/baianor/Workspace/Rocketseat/patricarParaAperfeicoar.js"
adson
daniel

[Done] exited with code=0 in 0.064 seconds

[Running] /home/baianor/.nvm/versions/node/v16.13.1/bin/node "/home/baianor/Workspace/Rocketseat/patricarParaAperfeicoar.js"
undefined
undefined

[Done] exited with code=0 in 0.063 seconds

[Running] /home/baianor/.nvm/versions/node/v16.13.1/bin/node "/home/baianor/Workspace/Rocketseat/patricarParaAperfeicoar.js"
[ 10, 7, 5, 9 ]
[ 3, 5, 3, 9 ]

[Done] exited with code=0 in 0.065 seconds

[Running] /home/baianor/.nvm/versions/node/v16.13.1/bin/node "/home/baianor/Workspace/Rocketseat/patricarParaAperfeicoar.js"
31
20

[Done] exited with code=0 in 0.072 seconds

[Running] /home/baianor/.nvm/versions/node/v16.13.1/bin/node "/home/baianor/Workspace/Rocketseat/patricarParaAperfeicoar.js"
NaN
NaN

[Done] exited with code=0 in 0.066 seconds

[Running] /home/baianor/.nvm/versions/node/v16.13.1/bin/node "/home/baianor/Workspace/Rocketseat/patricarParaAperfeicoar.js"
7.75
5

[Done] exited with code=0 in 0.065 seconds

[Running] /home/baianor/.nvm/versions/node/v16.13.1/bin/node "/home/baianor/Workspace/Rocketseat/patricarParaAperfeicoar.js"
7.75
5

[Done] exited with code=0 in 0.067 seconds

