[Running] node "/home/baianor/Trybe/exercicios-TRYBE/fundamentos/bloco-07-introcucao-es6-e-testes-unitarios/7.2-fluxo-de-execaap-e-objetos/script.js"
Html, Nivel: Muito Bom
Css, Nivel: Bom
JavaScript, Nivel: Ótimo
SoftSkills, Nivel: Ótimo
Html, Nivel: Bom
Css, Nivel: Ótimo
JavaScript, Nivel: Ruim
SoftSkills, Nivel: Ótimo
Git, Nivel: Bom

[Done] exited with code=0 in 0.072 seconds

[Running] node "/home/baianor/Trybe/exercicios-TRYBE/fundamentos/bloco-07-introcucao-es6-e-testes-unitarios/7.2-fluxo-de-execaap-e-objetos/script.js"
Html, Nivel: Muito Bom
Css, Nivel: Bom
JavaScript, Nivel: Ótimo
SoftSkills, Nivel: Ótimo

[Done] exited with code=0 in 0.068 seconds

[Running] node "/home/baianor/Trybe/exercicios-TRYBE/fundamentos/bloco-07-introcucao-es6-e-testes-unitarios/7.2-fluxo-de-execaap-e-objetos/script.js"
Html, Nivel: Muito Bom 

Css, Nivel: Bom 

JavaScript, Nivel: Ótimo 

SoftSkills, Nivel: Ótimo 

Html, Nivel: Bom 

Css, Nivel: Ótimo 

JavaScript, Nivel: Ruim 

SoftSkills, Nivel: Ótimo 

Git, Nivel: Bom 


[Done] exited with code=0 in 0.072 seconds

[Running] node "/home/baianor/Trybe/exercicios-TRYBE/fundamentos/bloco-07-introcucao-es6-e-testes-unitarios/7.2-fluxo-de-execaap-e-objetos/script.js"
SoftSkills, Nivel: Ótimo 

Git, Nivel: Bom 


[Done] exited with code=0 in 0.07 seconds

[Running] node "/home/baianor/Trybe/exercicios-TRYBE/fundamentos/bloco-07-introcucao-es6-e-testes-unitarios/7.2-fluxo-de-execaap-e-objetos/script.js"
Html, Nivel: Muito Bom
Css, Nivel: Bom
JavaScript, Nivel: Ótimo
SoftSkills, Nivel: Ótimo
 

Html, Nivel: Bom
Css, Nivel: Ótimo
JavaScript, Nivel: Ruim
SoftSkills, Nivel: Ótimo
Git, Nivel: Bom
 


[Done] exited with code=0 in 0.069 seconds

[Running] node "/home/baianor/Trybe/exercicios-TRYBE/fundamentos/bloco-07-introcucao-es6-e-testes-unitarios/7.2-fluxo-de-execaap-e-objetos/script.js"
Html, Nivel: Muito Bom
Css, Nivel: Bom
JavaScript, Nivel: Ótimo
SoftSkills, Nivel: Ótimo

Html, Nivel: Bom
Css, Nivel: Ótimo
JavaScript, Nivel: Ruim
SoftSkills, Nivel: Ótimo
Git, Nivel: Bom


[Done] exited with code=0 in 0.069 seconds

