[Info  - 11:58:17 AM] [language-server] Registering module | module: "auto-fix"
[Info  - 11:58:17 AM] [language-server] Module registered | module: "auto-fix"
[Info  - 11:58:17 AM] [language-server] Registering module | module: "code-action"
[Info  - 11:58:17 AM] [language-server] Module registered | module: "code-action"
[Info  - 11:58:17 AM] [language-server] Registering module | module: "completion"
[Info  - 11:58:17 AM] [language-server] Module registered | module: "completion"
[Info  - 11:58:17 AM] [language-server] Registering module | module: "formatter"
[Info  - 11:58:17 AM] [language-server] Module registered | module: "formatter"
[Info  - 11:58:17 AM] [language-server] Registering module | module: "old-stylelint-warning"
[Info  - 11:58:17 AM] [language-server] Module registered | module: "old-stylelint-warning"
[Info  - 11:58:17 AM] [language-server] Registering module | module: "validator"
[Info  - 11:58:17 AM] [language-server] Module registered | module: "validator"
[Info  - 11:58:17 AM] [language-server] Starting language server
[Info  - 11:58:17 AM] [language-server] Registering handlers
[Info  - 11:58:17 AM] [language-server] Handlers registered
[Info  - 11:58:17 AM] [language-server] Language server started
[Warn  - 12:32:27 PM] [language-server:old-stylelint-warning] Found unsupported version of Stylelint: 13.11.0
(node:118304) UnhandledPromiseRejectionWarning: Error: Request window/showMessageRequest failed with message: Canceled
    at Ps (/home/baianor/.vscode/extensions/stylelint.vscode-stylelint-1.2.1/dist/start-server.js:4:223)
    at on (/home/baianor/.vscode/extensions/stylelint.vscode-stylelint-1.2.1/dist/start-server.js:3:11193)
    at Immediate.<anonymous> (/home/baianor/.vscode/extensions/stylelint.vscode-stylelint-1.2.1/dist/start-server.js:3:11046)
    at processImmediate (internal/timers.js:461:21)
(Use `code --trace-warnings ...` to show where the warning was created)
(node:118304) UnhandledPromiseRejectionWarning: Unhandled promise rejection. This error originated either by throwing inside of an async function without a catch block, or by rejecting a promise which was not handled with .catch(). To terminate the node process on unhandled promise rejection, use the CLI flag `--unhandled-rejections=strict` (see https://nodejs.org/api/cli.html#cli_unhandled_rejections_mode). (rejection id: 1)
(node:118304) [DEP0018] DeprecationWarning: Unhandled promise rejections are deprecated. In the future, promise rejections that are not handled will terminate the Node.js process with a non-zero exit code.
