["INFO" - 2:58:30 PM] Extension Name: esbenp.prettier-vscode.
["INFO" - 2:58:30 PM] Extension Version: 9.1.0.
["INFO" - 3:22:53 PM] Formatting file:///home/baianor/Trybe/exercicios-TRYBE/fundamentos/bloco-07-introcucao-es6-e-testes-unitarios/7.2-fluxo-de-execaap-e-objetos/part1/scrip.js
["INFO" - 3:22:53 PM] Require config set to true and no config present. Skipping file.
["INFO" - 3:22:55 PM] Formatting file:///home/baianor/Trybe/exercicios-TRYBE/fundamentos/bloco-07-introcucao-es6-e-testes-unitarios/7.2-fluxo-de-execaap-e-objetos/part1/scrip.js
["INFO" - 3:22:55 PM] Require config set to true and no config present. Skipping file.
["INFO" - 3:22:55 PM] Formatting file:///home/baianor/Trybe/exercicios-TRYBE/fundamentos/bloco-07-introcucao-es6-e-testes-unitarios/7.2-fluxo-de-execaap-e-objetos/part1/scrip.js
["INFO" - 3:22:55 PM] Require config set to true and no config present. Skipping file.
["INFO" - 3:22:55 PM] Formatting file:///home/baianor/Trybe/exercicios-TRYBE/fundamentos/bloco-07-introcucao-es6-e-testes-unitarios/7.2-fluxo-de-execaap-e-objetos/part1/scrip.js
["INFO" - 3:22:55 PM] Require config set to true and no config present. Skipping file.
["INFO" - 3:22:55 PM] Formatting file:///home/baianor/Trybe/exercicios-TRYBE/fundamentos/bloco-07-introcucao-es6-e-testes-unitarios/7.2-fluxo-de-execaap-e-objetos/part1/scrip.js
["INFO" - 3:22:56 PM] Require config set to true and no config present. Skipping file.
["INFO" - 3:22:56 PM] Formatting file:///home/baianor/Trybe/exercicios-TRYBE/fundamentos/bloco-07-introcucao-es6-e-testes-unitarios/7.2-fluxo-de-execaap-e-objetos/part1/scrip.js
["INFO" - 3:22:56 PM] Require config set to true and no config present. Skipping file.
["INFO" - 3:22:56 PM] Formatting file:///home/baianor/Trybe/exercicios-TRYBE/fundamentos/bloco-07-introcucao-es6-e-testes-unitarios/7.2-fluxo-de-execaap-e-objetos/part1/scrip.js
["INFO" - 3:22:56 PM] Require config set to true and no config present. Skipping file.
["INFO" - 3:22:56 PM] Formatting file:///home/baianor/Trybe/exercicios-TRYBE/fundamentos/bloco-07-introcucao-es6-e-testes-unitarios/7.2-fluxo-de-execaap-e-objetos/part1/scrip.js
["INFO" - 3:22:56 PM] Require config set to true and no config present. Skipping file.
["INFO" - 3:22:57 PM] Formatting file:///home/baianor/Trybe/exercicios-TRYBE/fundamentos/bloco-07-introcucao-es6-e-testes-unitarios/7.2-fluxo-de-execaap-e-objetos/part1/scrip.js
["INFO" - 3:22:57 PM] Require config set to true and no config present. Skipping file.
["INFO" - 3:23:33 PM] Formatting file:///home/baianor/Trybe/exercicios-TRYBE/fundamentos/bloco-07-introcucao-es6-e-testes-unitarios/7.2-fluxo-de-execaap-e-objetos/part1/scrip.js
["INFO" - 3:23:33 PM] Require config set to true and no config present. Skipping file.
["INFO" - 3:23:37 PM] Formatting file:///home/baianor/Trybe/exercicios-TRYBE/fundamentos/bloco-07-introcucao-es6-e-testes-unitarios/7.2-fluxo-de-execaap-e-objetos/part1/scrip.js
["INFO" - 3:23:37 PM] Require config set to true and no config present. Skipping file.
["INFO" - 3:23:54 PM] Formatting file:///home/baianor/Trybe/exercicios-TRYBE/fundamentos/bloco-07-introcucao-es6-e-testes-unitarios/7.2-fluxo-de-execaap-e-objetos/part1/scrip.js
["INFO" - 3:23:54 PM] Require config set to true and no config present. Skipping file.
["INFO" - 3:24:42 PM] Formatting file:///home/baianor/Trybe/exercicios-TRYBE/fundamentos/bloco-07-introcucao-es6-e-testes-unitarios/7.2-fluxo-de-execaap-e-objetos/part1/scrip.js
["INFO" - 3:24:42 PM] Using ignore file (if present) at /home/baianor/Trybe/exercicios-TRYBE/fundamentos/bloco-07-introcucao-es6-e-testes-unitarios/7.2-fluxo-de-execaap-e-objetos/part1/.prettierignore
["INFO" - 3:24:42 PM] File Info:
{
  "ignored": false,
  "inferredParser": "babel"
}
["INFO" - 3:24:42 PM] No local configuration (i.e. .prettierrc or .editorconfig) detected, falling back to VS Code configuration
["INFO" - 3:24:42 PM] Prettier Options:
{
  "arrowParens": "always",
  "bracketSpacing": true,
  "endOfLine": "lf",
  "htmlWhitespaceSensitivity": "css",
  "insertPragma": false,
  "jsxBracketSameLine": false,
  "jsxSingleQuote": true,
  "printWidth": 800,
  "proseWrap": "preserve",
  "quoteProps": "as-needed",
  "requirePragma": false,
  "semi": true,
  "singleQuote": true,
  "tabWidth": 2,
  "trailingComma": "es5",
  "useTabs": false,
  "vueIndentScriptAndStyle": false,
  "filepath": "/home/baianor/Trybe/exercicios-TRYBE/fundamentos/bloco-07-introcucao-es6-e-testes-unitarios/7.2-fluxo-de-execaap-e-objetos/part1/scrip.js",
  "parser": "babel"
}
["INFO" - 3:24:42 PM] Formatting completed in 0.123ms.
["INFO" - 3:24:55 PM] Formatting file:///home/baianor/Trybe/exercicios-TRYBE/fundamentos/bloco-07-introcucao-es6-e-testes-unitarios/7.2-fluxo-de-execaap-e-objetos/part1/scrip.js
["INFO" - 3:24:55 PM] Using ignore file (if present) at /home/baianor/Trybe/exercicios-TRYBE/fundamentos/bloco-07-introcucao-es6-e-testes-unitarios/7.2-fluxo-de-execaap-e-objetos/part1/.prettierignore
["INFO" - 3:24:55 PM] File Info:
{
  "ignored": false,
  "inferredParser": "babel"
}
["INFO" - 3:24:55 PM] No local configuration (i.e. .prettierrc or .editorconfig) detected, falling back to VS Code configuration
["INFO" - 3:24:55 PM] Prettier Options:
{
  "arrowParens": "always",
  "bracketSpacing": true,
  "endOfLine": "lf",
  "htmlWhitespaceSensitivity": "css",
  "insertPragma": false,
  "jsxBracketSameLine": false,
  "jsxSingleQuote": true,
  "printWidth": 800,
  "proseWrap": "preserve",
  "quoteProps": "as-needed",
  "requirePragma": false,
  "semi": true,
  "singleQuote": true,
  "tabWidth": 2,
  "trailingComma": "es5",
  "useTabs": false,
  "vueIndentScriptAndStyle": false,
  "filepath": "/home/baianor/Trybe/exercicios-TRYBE/fundamentos/bloco-07-introcucao-es6-e-testes-unitarios/7.2-fluxo-de-execaap-e-objetos/part1/scrip.js",
  "parser": "babel"
}
["INFO" - 3:24:55 PM] Formatting completed in 0.027ms.
["INFO" - 3:27:56 PM] Formatting file:///home/baianor/Trybe/exercicios-TRYBE/fundamentos/bloco-07-introcucao-es6-e-testes-unitarios/7.2-fluxo-de-execaap-e-objetos/part1/scrip.js
["INFO" - 3:27:56 PM] Using ignore file (if present) at /home/baianor/Trybe/exercicios-TRYBE/fundamentos/bloco-07-introcucao-es6-e-testes-unitarios/7.2-fluxo-de-execaap-e-objetos/part1/.prettierignore
["INFO" - 3:27:56 PM] File Info:
{
  "ignored": false,
  "inferredParser": "babel"
}
["INFO" - 3:27:56 PM] No local configuration (i.e. .prettierrc or .editorconfig) detected, falling back to VS Code configuration
["INFO" - 3:27:56 PM] Prettier Options:
{
  "arrowParens": "always",
  "bracketSpacing": true,
  "endOfLine": "lf",
  "htmlWhitespaceSensitivity": "css",
  "insertPragma": false,
  "jsxBracketSameLine": false,
  "jsxSingleQuote": true,
  "printWidth": 800,
  "proseWrap": "preserve",
  "quoteProps": "as-needed",
  "requirePragma": false,
  "semi": true,
  "singleQuote": true,
  "tabWidth": 2,
  "trailingComma": "es5",
  "useTabs": false,
  "vueIndentScriptAndStyle": false,
  "filepath": "/home/baianor/Trybe/exercicios-TRYBE/fundamentos/bloco-07-introcucao-es6-e-testes-unitarios/7.2-fluxo-de-execaap-e-objetos/part1/scrip.js",
  "parser": "babel"
}
["INFO" - 3:27:56 PM] Formatting completed in 0.031ms.
