[2022-01-14 18:22:26.129] [renderer1] [error] [Extension Host] (node:129189) [DEP0005] DeprecationWarning: Buffer() is deprecated due to security and usability issues. Please use the Buffer.alloc(), Buffer.allocUnsafe(), or Buffer.from() methods instead.
(Use `code --trace-deprecation ...` to show where the warning was created)
[2022-01-14 18:54:13.684] [renderer1] [error] Command failed: /usr/bin/git -c core.quotepath=false -c color.ui=false -c log.showSignature=false log --format=%x3cr%x3e%x20%H -n3 -m -L 2,2:fundamentos/bloco-07-introcucao-es6-e-testes-unitarios/7.3-jest/exercise/sum.test.js
fatal: There is no path fundamentos/bloco-07-introcucao-es6-e-testes-unitarios/7.3-jest/exercise/sum.test.js in the commit
: Error: Command failed: /usr/bin/git -c core.quotepath=false -c color.ui=false -c log.showSignature=false log --format=%x3cr%x3e%x20%H -n3 -m -L 2,2:fundamentos/bloco-07-introcucao-es6-e-testes-unitarios/7.3-jest/exercise/sum.test.js
fatal: There is no path fundamentos/bloco-07-introcucao-es6-e-testes-unitarios/7.3-jest/exercise/sum.test.js in the commit

    at /home/baianor/.vscode/extensions/eamodio.gitlens-11.7.0/dist/webpack:/gitlens/src/git/shell.ts:190:6
    at ChildProcess.exithandler (child_process.js:324:5)
    at ChildProcess.emit (events.js:315:20)
    at maybeClose (internal/child_process.js:1048:16)
    at Socket.<anonymous> (internal/child_process.js:439:11)
    at Socket.emit (events.js:315:20)
    at Pipe.<anonymous> (net.js:673:12)
[2022-01-14 19:29:39.240] [renderer1] [error] [Extension Host] Error: Binary request timed out.
    at Timeout._onTimeout (/home/baianor/.vscode/extensions/tabnine.tabnine-vscode-3.5.16/out/extension.js:17:31578)
    at listOnTimeout (internal/timers.js:554:17)
    at processTimers (internal/timers.js:497:7)
[2022-01-14 20:41:52.948] [renderer1] [error] [Extension Host] Error: Binary request timed out.
    at Timeout._onTimeout (/home/baianor/.vscode/extensions/tabnine.tabnine-vscode-3.5.16/out/extension.js:17:31578)
    at listOnTimeout (internal/timers.js:554:17)
    at processTimers (internal/timers.js:497:7)
