[2022-01-14 10:44:18.200] [exthost] [info] Extension host with pid 46495 started
[2022-01-14 10:44:18.200] [exthost] [info] Skipping acquiring lock for /home/baianor/.config/Code/User/workspaceStorage/a145d4538cda9c1c881b3b5152ff7c9a.
[2022-01-14 10:44:18.485] [exthost] [info] ExtensionService#_doActivateExtension vscode.microsoft-authentication, startup: false, activationEvent: 'onAuthenticationRequest:microsoft'
[2022-01-14 10:44:18.504] [exthost] [info] ExtensionService#_doActivateExtension vscode.typescript-language-features, startup: false, activationEvent: 'onLanguage:javascript'
[2022-01-14 10:44:18.576] [exthost] [info] ExtensionService#_doActivateExtension vscode.debug-auto-launch, startup: true, activationEvent: '*'
[2022-01-14 10:44:18.583] [exthost] [info] ExtensionService#_doActivateExtension vscode.git-base, startup: true, activationEvent: '*', root cause: vscode.github
[2022-01-14 10:44:18.589] [exthost] [info] ExtensionService#_doActivateExtension formulahendry.auto-close-tag, startup: true, activationEvent: '*'
[2022-01-14 10:44:18.592] [exthost] [info] ExtensionService#_doActivateExtension naumovs.color-highlight, startup: true, activationEvent: '*'
[2022-01-14 10:44:18.603] [exthost] [info] ExtensionService#_doActivateExtension redwan-hossain.auto-rename-tag-clone, startup: true, activationEvent: '*'
[2022-01-14 10:44:18.616] [exthost] [info] ExtensionService#_doActivateExtension ritwickdey.LiveServer, startup: true, activationEvent: '*'
[2022-01-14 10:44:19.199] [exthost] [info] ExtensionService#_doActivateExtension sainnhe.gruvbox-material, startup: true, activationEvent: '*'
[2022-01-14 10:44:19.241] [exthost] [info] ExtensionService#_doActivateExtension Shan.code-settings-sync, startup: true, activationEvent: '*'
[2022-01-14 10:44:19.312] [exthost] [info] ExtensionService#_doActivateExtension TabNine.tabnine-vscode, startup: true, activationEvent: '*'
[2022-01-14 10:44:19.338] [exthost] [info] ExtensionService#_doActivateExtension Zignd.html-css-class-completion, startup: true, activationEvent: '*'
[2022-01-14 10:44:19.424] [exthost] [info] ExtensionService#_doActivateExtension vscode.npm, startup: true, activationEvent: 'workspaceContains:package.json'
[2022-01-14 10:44:20.173] [exthost] [info] ExtensionService#_doActivateExtension vscode.configuration-editing, startup: false, activationEvent: 'onLanguage:jsonc'
[2022-01-14 10:44:20.181] [exthost] [info] ExtensionService#_doActivateExtension vscode.json-language-features, startup: false, activationEvent: 'onLanguage:jsonc'
[2022-01-14 10:44:20.458] [exthost] [info] ExtensionService#_doActivateExtension vscode.github-authentication, startup: false, activationEvent: 'onAuthenticationRequest:github'
[2022-01-14 10:44:20.794] [exthost] [info] ExtensionService#_doActivateExtension vscode.git, startup: true, activationEvent: '*'
[2022-01-14 10:44:20.827] [exthost] [info] ExtensionService#_doActivateExtension vscode.github, startup: true, activationEvent: '*'
[2022-01-14 10:44:20.930] [exthost] [info] Eager extensions activated
[2022-01-14 10:44:21.002] [exthost] [info] ExtensionService#_doActivateExtension vscode.emmet, startup: false, activationEvent: 'onStartupFinished'
[2022-01-14 10:44:21.021] [exthost] [info] ExtensionService#_doActivateExtension vscode.merge-conflict, startup: false, activationEvent: 'onStartupFinished'
[2022-01-14 10:44:21.034] [exthost] [info] ExtensionService#_doActivateExtension bradlc.vscode-tailwindcss, startup: false, activationEvent: 'onStartupFinished'
[2022-01-14 10:44:21.049] [exthost] [info] ExtensionService#_doActivateExtension dbaeumer.vscode-eslint, startup: false, activationEvent: 'onStartupFinished'
[2022-01-14 10:44:21.068] [exthost] [info] ExtensionService#_doActivateExtension eamodio.gitlens, startup: false, activationEvent: 'onStartupFinished'
[2022-01-14 10:44:21.137] [exthost] [info] ExtensionService#_doActivateExtension esbenp.prettier-vscode, startup: false, activationEvent: 'onStartupFinished'
[2022-01-14 10:44:21.531] [exthost] [info] ExtensionService#_doActivateExtension formulahendry.code-runner, startup: false, activationEvent: 'onStartupFinished'
[2022-01-14 10:44:21.594] [exthost] [info] ExtensionService#_doActivateExtension PKief.material-icon-theme, startup: false, activationEvent: 'onStartupFinished'
[2022-01-14 10:44:21.604] [exthost] [info] ExtensionService#_doActivateExtension streetsidesoftware.code-spell-checker, startup: false, activationEvent: 'onStartupFinished'
[2022-01-14 10:44:21.636] [exthost] [info] ExtensionService#_doActivateExtension stylelint.vscode-stylelint, startup: false, activationEvent: 'onStartupFinished'
[2022-01-14 10:44:21.658] [exthost] [info] ExtensionService#_doActivateExtension unthrottled.doki-theme, startup: false, activationEvent: 'onStartupFinished'
[2022-01-14 10:44:22.041] [exthost] [info] ExtensionService#_doActivateExtension streetsidesoftware.code-spell-checker-portuguese-brazilian, startup: false, activationEvent: 'onStartupFinished'
[2022-01-14 10:44:44.651] [exthost] [warning] TextEditor is closed/disposed
[2022-01-14 10:44:44.837] [exthost] [info] ExtensionService#_doActivateExtension vscode.html-language-features, startup: false, activationEvent: 'onLanguage:html'
[2022-01-14 10:44:49.179] [exthost] [warning] TextEditor is closed/disposed
[2022-01-14 11:00:40.380] [exthost] [warning] TextEditor is closed/disposed
[2022-01-14 11:00:43.264] [exthost] [warning] TextEditor is closed/disposed
[2022-01-14 11:00:45.670] [exthost] [warning] TextEditor is closed/disposed
[2022-01-14 11:00:47.965] [exthost] [warning] TextEditor is closed/disposed
[2022-01-14 11:00:50.774] [exthost] [warning] TextEditor is closed/disposed
[2022-01-14 11:01:11.120] [exthost] [warning] TextEditor is closed/disposed
[2022-01-14 11:01:11.506] [exthost] [info] ExtensionService#_doActivateExtension vscode.css-language-features, startup: false, activationEvent: 'onLanguage:css'
[2022-01-14 11:24:31.184] [exthost] [info] extension host terminating: renderer closed the socket
[2022-01-14 11:24:31.242] [exthost] [warning] {"name":"Canceled"}
[2022-01-14 11:24:31.762] [exthost] [info] Extension host with pid 46495 exiting with code 0
