["INFO" - 3:32:13 PM] Extension Name: esbenp.prettier-vscode.
["INFO" - 3:32:13 PM] Extension Version: 9.1.0.
["INFO" - 3:32:48 PM] Formatting file:///home/baianor/Trybe/exercicios-TRYBE/fundamentos/bloco-07-introcucao-es6-e-testes-unitarios/7.2-fluxo-de-execaap-e-objetos/part2/part2.js
["INFO" - 3:32:48 PM] Using ignore file (if present) at /home/baianor/Trybe/exercicios-TRYBE/fundamentos/bloco-07-introcucao-es6-e-testes-unitarios/7.2-fluxo-de-execaap-e-objetos/part2/.prettierignore
["INFO" - 3:32:48 PM] File Info:
{
  "ignored": false,
  "inferredParser": "babel"
}
["INFO" - 3:32:48 PM] No local configuration (i.e. .prettierrc or .editorconfig) detected, falling back to VS Code configuration
["INFO" - 3:32:48 PM] Prettier Options:
{
  "arrowParens": "always",
  "bracketSpacing": true,
  "endOfLine": "lf",
  "htmlWhitespaceSensitivity": "css",
  "insertPragma": false,
  "jsxBracketSameLine": false,
  "jsxSingleQuote": true,
  "printWidth": 800,
  "proseWrap": "preserve",
  "quoteProps": "as-needed",
  "requirePragma": false,
  "semi": true,
  "singleQuote": true,
  "tabWidth": 2,
  "trailingComma": "es5",
  "useTabs": false,
  "vueIndentScriptAndStyle": false,
  "filepath": "/home/baianor/Trybe/exercicios-TRYBE/fundamentos/bloco-07-introcucao-es6-e-testes-unitarios/7.2-fluxo-de-execaap-e-objetos/part2/part2.js",
  "parser": "babel"
}
["INFO" - 3:32:48 PM] Formatting completed in 0.133ms.
