[Running] node "/home/baianor/Trybe/exercicios-TRYBE/fundamentos/bloco-07-introcucao-es6-e-testes-unitarios/7.2-fluxo-de-execaap-e-objetos/part2/part2.js"

[Done] exited with code=0 in 0.062 seconds

[Running] node "/home/baianor/Trybe/exercicios-TRYBE/fundamentos/bloco-07-introcucao-es6-e-testes-unitarios/7.2-fluxo-de-execaap-e-objetos/part2/part2.js"
[ 'name', 'phoneNumber', 'address', 'order', 'payment' ]

[Done] exited with code=0 in 0.074 seconds

[Running] node "/home/baianor/Trybe/exercicios-TRYBE/fundamentos/bloco-07-introcucao-es6-e-testes-unitarios/7.2-fluxo-de-execaap-e-objetos/part2/part2.js"
[ 'pizza', 'drinks', 'delivery' ]

[Done] exited with code=0 in 0.073 seconds

[Running] node "/home/baianor/Trybe/exercicios-TRYBE/fundamentos/bloco-07-introcucao-es6-e-testes-unitarios/7.2-fluxo-de-execaap-e-objetos/part2/part2.js"
/home/baianor/Trybe/exercicios-TRYBE/fundamentos/bloco-07-introcucao-es6-e-testes-unitarios/7.2-fluxo-de-execaap-e-objetos/part2/part2.js:39
  const entregador = order.delivery.deliveryPerson;
                                    ^

TypeError: Cannot read properties of undefined (reading 'deliveryPerson')
    at customerInfo (/home/baianor/Trybe/exercicios-TRYBE/fundamentos/bloco-07-introcucao-es6-e-testes-unitarios/7.2-fluxo-de-execaap-e-objetos/part2/part2.js:39:37)
    at Object.<anonymous> (/home/baianor/Trybe/exercicios-TRYBE/fundamentos/bloco-07-introcucao-es6-e-testes-unitarios/7.2-fluxo-de-execaap-e-objetos/part2/part2.js:46:1)
    at Module._compile (node:internal/modules/cjs/loader:1101:14)
    at Object.Module._extensions..js (node:internal/modules/cjs/loader:1153:10)
    at Module.load (node:internal/modules/cjs/loader:981:32)
    at Function.Module._load (node:internal/modules/cjs/loader:822:12)
    at Function.executeUserEntryPoint [as runMain] (node:internal/modules/run_main:81:12)
    at node:internal/main/run_main_module:17:47

[Done] exited with code=1 in 0.069 seconds

[Running] node "/home/baianor/Trybe/exercicios-TRYBE/fundamentos/bloco-07-introcucao-es6-e-testes-unitarios/7.2-fluxo-de-execaap-e-objetos/part2/part2.js"
{ street: 'Rua das Flores', number: '389', apartment: '701' }

[Done] exited with code=0 in 0.074 seconds

[Running] node "/home/baianor/Trybe/exercicios-TRYBE/fundamentos/bloco-07-introcucao-es6-e-testes-unitarios/7.2-fluxo-de-execaap-e-objetos/part2/part2.js"
Ola Ana Silveira, entrega para: Rafael Andrade, Telefone: 11-98763-1416, R. Rua das Flores, N°: 389, AP: 701

[Done] exited with code=0 in 0.072 seconds

[Running] node "/home/baianor/Trybe/exercicios-TRYBE/fundamentos/bloco-07-introcucao-es6-e-testes-unitarios/7.2-fluxo-de-execaap-e-objetos/part2/part2.js"
Ola Ana Silveira, entrega para: Rafael Andrade, Telefone: 11-98763-1416, R. Rua das Flores, N°: 389, AP: 701
{
  marguerita: { amount: 1, price: 25 },
  pepperoni: { amount: 1, price: 20 }
}

[Done] exited with code=0 in 0.073 seconds

[Running] node "/home/baianor/Trybe/exercicios-TRYBE/fundamentos/bloco-07-introcucao-es6-e-testes-unitarios/7.2-fluxo-de-execaap-e-objetos/part2/part2.js"
Ola Ana Silveira, entrega para: Rafael Andrade, Telefone: 11-98763-1416, R. Rua das Flores, N°: 389, AP: 701
/home/baianor/Trybe/exercicios-TRYBE/fundamentos/bloco-07-introcucao-es6-e-testes-unitarios/7.2-fluxo-de-execaap-e-objetos/part2/part2.js:53
  const pizzas = Object.key(order.order.pizza);
                        ^

TypeError: Object.key is not a function
    at orderModifier (/home/baianor/Trybe/exercicios-TRYBE/fundamentos/bloco-07-introcucao-es6-e-testes-unitarios/7.2-fluxo-de-execaap-e-objetos/part2/part2.js:53:25)
    at Object.<anonymous> (/home/baianor/Trybe/exercicios-TRYBE/fundamentos/bloco-07-introcucao-es6-e-testes-unitarios/7.2-fluxo-de-execaap-e-objetos/part2/part2.js:60:1)
    at Module._compile (node:internal/modules/cjs/loader:1101:14)
    at Object.Module._extensions..js (node:internal/modules/cjs/loader:1153:10)
    at Module.load (node:internal/modules/cjs/loader:981:32)
    at Function.Module._load (node:internal/modules/cjs/loader:822:12)
    at Function.executeUserEntryPoint [as runMain] (node:internal/modules/run_main:81:12)
    at node:internal/main/run_main_module:17:47

[Done] exited with code=1 in 0.074 seconds

[Running] node "/home/baianor/Trybe/exercicios-TRYBE/fundamentos/bloco-07-introcucao-es6-e-testes-unitarios/7.2-fluxo-de-execaap-e-objetos/part2/part2.js"
Ola Ana Silveira, entrega para: Rafael Andrade, Telefone: 11-98763-1416, R. Rua das Flores, N°: 389, AP: 701
[ 'marguerita', 'pepperoni' ]

[Done] exited with code=0 in 0.069 seconds

[Running] node "/home/baianor/Trybe/exercicios-TRYBE/fundamentos/bloco-07-introcucao-es6-e-testes-unitarios/7.2-fluxo-de-execaap-e-objetos/part2/tempCodeRunnerFile.js"
/home/baianor/Trybe/exercicios-TRYBE/fundamentos/bloco-07-introcucao-es6-e-testes-unitarios/7.2-fluxo-de-execaap-e-objetos/part2/tempCodeRunnerFile.js:1
  console.log(string);
              ^

ReferenceError: string is not defined
    at Object.<anonymous> (/home/baianor/Trybe/exercicios-TRYBE/fundamentos/bloco-07-introcucao-es6-e-testes-unitarios/7.2-fluxo-de-execaap-e-objetos/part2/tempCodeRunnerFile.js:1:15)
    at Module._compile (node:internal/modules/cjs/loader:1101:14)
    at Object.Module._extensions..js (node:internal/modules/cjs/loader:1153:10)
    at Module.load (node:internal/modules/cjs/loader:981:32)
    at Function.Module._load (node:internal/modules/cjs/loader:822:12)
    at Function.executeUserEntryPoint [as runMain] (node:internal/modules/run_main:81:12)
    at node:internal/main/run_main_module:17:47

[Done] exited with code=1 in 0.066 seconds

[Running] node "/home/baianor/Trybe/exercicios-TRYBE/fundamentos/bloco-07-introcucao-es6-e-testes-unitarios/7.2-fluxo-de-execaap-e-objetos/part2/part2.js"
Ola Ana Silveira, entrega para: Rafael Andrade, Telefone: 11-98763-1416, R. Rua das Flores, N°: 389, AP: 701
Ola Luiz Silva, o total do seu pedido de marguerita, pepperoni e [object Object] é R$ 50,00

[Done] exited with code=0 in 0.071 seconds

[Running] node "/home/baianor/Trybe/exercicios-TRYBE/fundamentos/bloco-07-introcucao-es6-e-testes-unitarios/7.2-fluxo-de-execaap-e-objetos/part2/part2.js"
Ola Ana Silveira, entrega para: Rafael Andrade, Telefone: 11-98763-1416, R. Rua das Flores, N°: 389, AP: 701
Ola Luiz Silva, o total do seu pedido de marguerita, pepperoni e undefined é R$ 50,00

[Done] exited with code=0 in 0.067 seconds

