[2021-12-23 20:51:40.394] [exthost] [info] Extension host with pid 361988 started
[2021-12-23 20:51:40.394] [exthost] [info] Skipping acquiring lock for /home/baianor/.config/VSCodium/User/workspaceStorage/525f2637ea729113ac372678a6fc60ec.
[2021-12-23 20:51:40.521] [exthost] [info] ExtensionService#_doActivateExtension vscode.typescript-language-features, startup: false, activationEvent: 'onLanguage:javascript'
[2021-12-23 20:51:40.540] [exthost] [info] ExtensionService#_doActivateExtension vscode.debug-auto-launch, startup: true, activationEvent: '*'
[2021-12-23 20:51:40.544] [exthost] [info] ExtensionService#_doActivateExtension vscode.git-base, startup: true, activationEvent: '*', root cause: vscode.github
[2021-12-23 20:51:40.548] [exthost] [info] ExtensionService#_doActivateExtension equinusocio.vsc-material-theme-icons, startup: true, activationEvent: '*'
[2021-12-23 20:51:40.610] [exthost] [info] ExtensionService#_doActivateExtension formulahendry.auto-close-tag, startup: true, activationEvent: '*'
[2021-12-23 20:51:40.612] [exthost] [info] ExtensionService#_doActivateExtension gencer.html-slim-scss-css-class-completion, startup: true, activationEvent: '*'
[2021-12-23 20:51:40.715] [exthost] [info] ExtensionService#_doActivateExtension kamikillerto.vscode-colorize, startup: true, activationEvent: '*'
[2021-12-23 20:51:40.765] [exthost] [info] ExtensionService#_doActivateExtension redwan-hossain.auto-rename-tag-clone, startup: true, activationEvent: '*'
[2021-12-23 20:51:40.780] [exthost] [info] ExtensionService#_doActivateExtension ritwickdey.LiveServer, startup: true, activationEvent: '*'
[2021-12-23 20:51:41.242] [exthost] [info] ExtensionService#_doActivateExtension sainnhe.gruvbox-material, startup: true, activationEvent: '*'
[2021-12-23 20:51:41.274] [exthost] [info] ExtensionService#_doActivateExtension Shan.code-settings-sync, startup: true, activationEvent: '*'
[2021-12-23 20:51:41.342] [exthost] [info] ExtensionService#_doActivateExtension streetsidesoftware.code-spell-checker, startup: true, activationEvent: '*', root cause: streetsidesoftware.code-spell-checker-portuguese-brazilian
[2021-12-23 20:51:41.376] [exthost] [info] ExtensionService#_doActivateExtension TabNine.tabnine-vscode, startup: true, activationEvent: '*'
[2021-12-23 20:51:41.402] [exthost] [info] ExtensionService#_doActivateExtension vscodevim.vim, startup: true, activationEvent: '*'
[2021-12-23 20:51:41.466] [exthost] [info] ExtensionService#_doActivateExtension vscode.npm, startup: true, activationEvent: 'workspaceContains:package.json'
[2021-12-23 20:51:41.850] [exthost] [info] ExtensionService#_doActivateExtension vscode.configuration-editing, startup: false, activationEvent: 'onLanguage:jsonc'
[2021-12-23 20:51:41.856] [exthost] [info] ExtensionService#_doActivateExtension vscode.json-language-features, startup: false, activationEvent: 'onLanguage:jsonc'
[2021-12-23 20:51:42.051] [exthost] [info] ExtensionService#_doActivateExtension vscode.git, startup: true, activationEvent: '*'
[2021-12-23 20:51:42.084] [exthost] [info] ExtensionService#_doActivateExtension vscode.github, startup: true, activationEvent: '*'
[2021-12-23 20:51:42.096] [exthost] [info] ExtensionService#_doActivateExtension streetsidesoftware.code-spell-checker-portuguese-brazilian, startup: true, activationEvent: '*'
[2021-12-23 20:51:42.146] [exthost] [info] Eager extensions activated
[2021-12-23 20:51:42.190] [exthost] [info] ExtensionService#_doActivateExtension vscode.emmet, startup: false, activationEvent: 'onStartupFinished'
[2021-12-23 20:51:42.214] [exthost] [info] ExtensionService#_doActivateExtension vscode.merge-conflict, startup: false, activationEvent: 'onStartupFinished'
[2021-12-23 20:51:42.218] [exthost] [info] ExtensionService#_doActivateExtension bradlc.vscode-tailwindcss, startup: false, activationEvent: 'onStartupFinished'
[2021-12-23 20:51:42.237] [exthost] [info] ExtensionService#_doActivateExtension dbaeumer.vscode-eslint, startup: false, activationEvent: 'onStartupFinished'
[2021-12-23 20:51:42.258] [exthost] [info] ExtensionService#_doActivateExtension esbenp.prettier-vscode, startup: false, activationEvent: 'onStartupFinished'
[2021-12-23 20:51:42.646] [exthost] [info] ExtensionService#_doActivateExtension formulahendry.code-runner, startup: false, activationEvent: 'onStartupFinished'
[2021-12-23 20:51:42.717] [exthost] [info] ExtensionService#_doActivateExtension PKief.material-icon-theme, startup: false, activationEvent: 'onStartupFinished'
[2021-12-23 20:51:42.730] [exthost] [info] ExtensionService#_doActivateExtension unthrottled.doki-theme, startup: false, activationEvent: 'onStartupFinished'
[2021-12-23 20:52:11.122] [exthost] [info] extension host terminating: renderer closed the socket
[2021-12-23 20:52:11.711] [exthost] [error] TypeError: Converting circular structure to JSON
    --> starting at object with constructor 't'
    |     property '_readableState' -> object with constructor 'C'
    |     property 'pipes' -> object with constructor 'Array'
    |     index 0 -> object with constructor 't.ConsoleForElectron'
    --- property 'parent' closes the circle
    at JSON.stringify (<anonymous>)
    at /home/baianor/.vscode-oss/extensions/vscodevim.vim-1.21.10/src/register/register.ts:357:16
    at process.async (internal/process/task_queues.js:93:5)
    at Object.e.deactivate (/home/baianor/.vscode-oss/extensions/vscodevim.vim-1.21.10/extension.ts:36:8)
    at async Promise.all (index 27)
    at v.deactivateAll (/usr/share/codium/resources/app/out/vs/workbench/services/extensions/node/extensionHostProcess.js:100:10087)
[2021-12-23 20:52:11.817] [exthost] [info] Extension host with pid 361988 exiting with code 0
