Validating found git in: git
Using git 2.34.1 from git
> git rev-parse --git-dir
Open repository: /home/baianor/Trybe/exercicios-TRYBE
> git status -z -u
> git symbolic-ref --short HEAD
> git show --textconv :fundamentos/bloco-07-introcucao-es6-e-testes-unitarios/7.2-fluxo-de-execaap-e-objetos/part2/part2.js
> git ls-files --stage -- /home/baianor/Trybe/exercicios-TRYBE/fundamentos/bloco-07-introcucao-es6-e-testes-unitarios/7.2-fluxo-de-execaap-e-objetos/part2/part2.js
> git for-each-ref --format=%(refname)%00%(upstream:short)%00%(objectname)%00%(upstream:track) refs/heads/main refs/remotes/main
> git for-each-ref --sort -committerdate --format %(refname) %(objectname) %(*objectname)
> git remote --verbose
> git cat-file -s 137d7c0fcddc750c41ec954b4575296d9a63a100
> git check-ignore -v -z --stdin
> git config --get commit.template
> git status -z -u
> git symbolic-ref --short HEAD
> git for-each-ref --format=%(refname)%00%(upstream:short)%00%(objectname)%00%(upstream:track) refs/heads/main refs/remotes/main
> git for-each-ref --sort -committerdate --format %(refname) %(objectname) %(*objectname)
> git remote --verbose
> git config --get commit.template
> git status -z -u
> git symbolic-ref --short HEAD
> git for-each-ref --format=%(refname)%00%(upstream:short)%00%(objectname)%00%(upstream:track) refs/heads/main refs/remotes/main
> git for-each-ref --sort -committerdate --format %(refname) %(objectname) %(*objectname)
> git remote --verbose
> git config --get commit.template
> git status -z -u
> git symbolic-ref --short HEAD
> git for-each-ref --format=%(refname)%00%(upstream:short)%00%(objectname)%00%(upstream:track) refs/heads/main refs/remotes/main
> git for-each-ref --sort -committerdate --format %(refname) %(objectname) %(*objectname)
> git remote --verbose
> git config --get commit.template
