Validating found git in: git
Using git 2.34.1 from git
> git rev-parse --git-dir
Open repository: /home/baianor/Trybe/exercicios-TRYBE
> git status -z -u
> git symbolic-ref --short HEAD
> git for-each-ref --format=%(refname)%00%(upstream:short)%00%(objectname)%00%(upstream:track) refs/heads/main refs/remotes/main
> git for-each-ref --sort -committerdate --format %(refname) %(objectname) %(*objectname)
> git remote --verbose
> git config --get commit.template
> git show --textconv :fundamentos/bloco-07-introcucao-es6-e-testes-unitarios/7.3-jest/jest-project/package.json
> git ls-files --stage -- /home/baianor/Trybe/exercicios-TRYBE/fundamentos/bloco-07-introcucao-es6-e-testes-unitarios/7.3-jest/jest-project/package.json
> git check-ignore -v -z --stdin
> git status -z -u
> git symbolic-ref --short HEAD
> git for-each-ref --format=%(refname)%00%(upstream:short)%00%(objectname)%00%(upstream:track) refs/heads/main refs/remotes/main
> git for-each-ref --sort -committerdate --format %(refname) %(objectname) %(*objectname)
> git remote --verbose
> git config --get commit.template
> git check-ignore -v -z --stdin
> git check-ignore -v -z --stdin
> git status -z -u
> git symbolic-ref --short HEAD
> git for-each-ref --format=%(refname)%00%(upstream:short)%00%(objectname)%00%(upstream:track) refs/heads/main refs/remotes/main
> git for-each-ref --sort -committerdate --format %(refname) %(objectname) %(*objectname)
> git remote --verbose
> git config --get commit.template
> git show --textconv :fundamentos/bloco-07-introcucao-es6-e-testes-unitarios/7.3-jest/jest-project/package-lock.json
> git ls-files --stage -- /home/baianor/Trybe/exercicios-TRYBE/fundamentos/bloco-07-introcucao-es6-e-testes-unitarios/7.3-jest/jest-project/package-lock.json
> git show --textconv :fundamentos/bloco-07-introcucao-es6-e-testes-unitarios/7.3-jest/jest-project/package.json
> git ls-files --stage -- /home/baianor/Trybe/exercicios-TRYBE/fundamentos/bloco-07-introcucao-es6-e-testes-unitarios/7.3-jest/jest-project/package.json
> git show --textconv :fundamentos/bloco-07-introcucao-es6-e-testes-unitarios/7.3-jest/jest-project/package-lock.json
> git ls-files --stage -- /home/baianor/Trybe/exercicios-TRYBE/fundamentos/bloco-07-introcucao-es6-e-testes-unitarios/7.3-jest/jest-project/package-lock.json
> git check-ignore -v -z --stdin
> git check-ignore -v -z --stdin
> git check-ignore -v -z --stdin
> git check-ignore -v -z --stdin
> git check-ignore -v -z --stdin
> git show --textconv :fundamentos/bloco-07-introcucao-es6-e-testes-unitarios/7.3-jest/jest-project/sum.test.js
> git ls-files --stage -- /home/baianor/Trybe/exercicios-TRYBE/fundamentos/bloco-07-introcucao-es6-e-testes-unitarios/7.3-jest/jest-project/sum.test.js
> git check-ignore -v -z --stdin
> git status -z -u
> git symbolic-ref --short HEAD
> git for-each-ref --format=%(refname)%00%(upstream:short)%00%(objectname)%00%(upstream:track) refs/heads/main refs/remotes/main
> git for-each-ref --sort -committerdate --format %(refname) %(objectname) %(*objectname)
> git remote --verbose
> git config --get commit.template
> git status -z -u
> git symbolic-ref --short HEAD
> git for-each-ref --format=%(refname)%00%(upstream:short)%00%(objectname)%00%(upstream:track) refs/heads/main refs/remotes/main
> git for-each-ref --sort -committerdate --format %(refname) %(objectname) %(*objectname)
> git remote --verbose
> git config --get commit.template
> git show --textconv :fundamentos/bloco-07-introcucao-es6-e-testes-unitarios/7.3-jest/jest-project/loginValidation.js
> git ls-files --stage -- /home/baianor/Trybe/exercicios-TRYBE/fundamentos/bloco-07-introcucao-es6-e-testes-unitarios/7.3-jest/jest-project/loginValidation.js
> git check-ignore -v -z --stdin
> git status -z -u
> git symbolic-ref --short HEAD
> git for-each-ref --format=%(refname)%00%(upstream:short)%00%(objectname)%00%(upstream:track) refs/heads/main refs/remotes/main
> git for-each-ref --sort -committerdate --format %(refname) %(objectname) %(*objectname)
> git remote --verbose
> git config --get commit.template
> git status -z -u
> git symbolic-ref --short HEAD
> git for-each-ref --format=%(refname)%00%(upstream:short)%00%(objectname)%00%(upstream:track) refs/heads/main refs/remotes/main
> git for-each-ref --sort -committerdate --format %(refname) %(objectname) %(*objectname)
> git remote --verbose
> git config --get commit.template
> git show --textconv :fundamentos/bloco-07-introcucao-es6-e-testes-unitarios/7.3-jest/jest-project/loginValidation.js
> git ls-files --stage -- /home/baianor/Trybe/exercicios-TRYBE/fundamentos/bloco-07-introcucao-es6-e-testes-unitarios/7.3-jest/jest-project/loginValidation.js
> git show --textconv :fundamentos/bloco-07-introcucao-es6-e-testes-unitarios/7.3-jest/jest-project/loginValidation.test.js
> git ls-files --stage -- /home/baianor/Trybe/exercicios-TRYBE/fundamentos/bloco-07-introcucao-es6-e-testes-unitarios/7.3-jest/jest-project/loginValidation.test.js
> git check-ignore -v -z --stdin
> git status -z -u
> git symbolic-ref --short HEAD
> git for-each-ref --format=%(refname)%00%(upstream:short)%00%(objectname)%00%(upstream:track) refs/heads/main refs/remotes/main
> git for-each-ref --sort -committerdate --format %(refname) %(objectname) %(*objectname)
> git remote --verbose
> git config --get commit.template
> git show --textconv :fundamentos/bloco-07-introcucao-es6-e-testes-unitarios/7.3-jest/jest-project/loginValidation.test.js
> git ls-files --stage -- /home/baianor/Trybe/exercicios-TRYBE/fundamentos/bloco-07-introcucao-es6-e-testes-unitarios/7.3-jest/jest-project/loginValidation.test.js
> git status -z -u
> git symbolic-ref --short HEAD
> git for-each-ref --format=%(refname)%00%(upstream:short)%00%(objectname)%00%(upstream:track) refs/heads/main refs/remotes/main
> git for-each-ref --sort -committerdate --format %(refname) %(objectname) %(*objectname)
> git remote --verbose
> git config --get commit.template
> git show --textconv :fundamentos/bloco-07-introcucao-es6-e-testes-unitarios/7.3-jest/jest-project/loginValidation.js
> git ls-files --stage -- /home/baianor/Trybe/exercicios-TRYBE/fundamentos/bloco-07-introcucao-es6-e-testes-unitarios/7.3-jest/jest-project/loginValidation.js
> git show --textconv :fundamentos/bloco-07-introcucao-es6-e-testes-unitarios/7.3-jest/jest-project/sum.test.js
> git ls-files --stage -- /home/baianor/Trybe/exercicios-TRYBE/fundamentos/bloco-07-introcucao-es6-e-testes-unitarios/7.3-jest/jest-project/sum.test.js
> git status -z -u
> git symbolic-ref --short HEAD
> git for-each-ref --format=%(refname)%00%(upstream:short)%00%(objectname)%00%(upstream:track) refs/heads/main refs/remotes/main
> git for-each-ref --sort -committerdate --format %(refname) %(objectname) %(*objectname)
> git remote --verbose
> git config --get commit.template
