[2021-12-19 20:15:23.254] [exthost] [info] Extension host with pid 818103 started
[2021-12-19 20:15:23.254] [exthost] [info] Skipping acquiring lock for /home/baianor/.config/VSCodium/User/workspaceStorage/525f2637ea729113ac372678a6fc60ec.
[2021-12-19 20:15:23.550] [exthost] [info] ExtensionService#_doActivateExtension vscode.typescript-language-features, startup: false, activationEvent: 'onLanguage:javascript'
[2021-12-19 20:15:23.573] [exthost] [info] ExtensionService#_doActivateExtension vscode.debug-auto-launch, startup: true, activationEvent: '*'
[2021-12-19 20:15:23.577] [exthost] [info] ExtensionService#_doActivateExtension vscode.git-base, startup: true, activationEvent: '*', root cause: vscode.github
[2021-12-19 20:15:23.582] [exthost] [info] ExtensionService#_doActivateExtension equinusocio.vsc-material-theme-icons, startup: true, activationEvent: '*'
[2021-12-19 20:15:23.650] [exthost] [info] ExtensionService#_doActivateExtension formulahendry.auto-close-tag, startup: true, activationEvent: '*'
[2021-12-19 20:15:23.653] [exthost] [info] ExtensionService#_doActivateExtension gencer.html-slim-scss-css-class-completion, startup: true, activationEvent: '*'
[2021-12-19 20:15:23.744] [exthost] [info] ExtensionService#_doActivateExtension kamikillerto.vscode-colorize, startup: true, activationEvent: '*'
[2021-12-19 20:15:23.786] [exthost] [info] ExtensionService#_doActivateExtension redwan-hossain.auto-rename-tag-clone, startup: true, activationEvent: '*'
[2021-12-19 20:15:23.798] [exthost] [info] ExtensionService#_doActivateExtension ritwickdey.LiveServer, startup: true, activationEvent: '*'
[2021-12-19 20:15:24.289] [exthost] [info] ExtensionService#_doActivateExtension sainnhe.gruvbox-material, startup: true, activationEvent: '*'
[2021-12-19 20:15:24.326] [exthost] [info] ExtensionService#_doActivateExtension Shan.code-settings-sync, startup: true, activationEvent: '*'
[2021-12-19 20:15:24.379] [exthost] [info] ExtensionService#_doActivateExtension streetsidesoftware.code-spell-checker, startup: true, activationEvent: '*', root cause: streetsidesoftware.code-spell-checker-portuguese-brazilian
[2021-12-19 20:15:24.419] [exthost] [info] ExtensionService#_doActivateExtension TabNine.tabnine-vscode, startup: true, activationEvent: '*'
[2021-12-19 20:15:24.514] [exthost] [info] ExtensionService#_doActivateExtension vscodevim.vim, startup: true, activationEvent: '*'
[2021-12-19 20:15:24.576] [exthost] [info] ExtensionService#_doActivateExtension vscode.npm, startup: true, activationEvent: 'workspaceContains:package.json'
[2021-12-19 20:15:24.998] [exthost] [info] ExtensionService#_doActivateExtension vscode.configuration-editing, startup: false, activationEvent: 'onLanguage:jsonc'
[2021-12-19 20:15:25.002] [exthost] [info] ExtensionService#_doActivateExtension vscode.json-language-features, startup: false, activationEvent: 'onLanguage:jsonc'
[2021-12-19 20:15:25.116] [exthost] [info] ExtensionService#_doActivateExtension vscode.git, startup: true, activationEvent: '*'
[2021-12-19 20:15:25.148] [exthost] [info] ExtensionService#_doActivateExtension vscode.github, startup: true, activationEvent: '*'
[2021-12-19 20:15:25.154] [exthost] [info] ExtensionService#_doActivateExtension streetsidesoftware.code-spell-checker-portuguese-brazilian, startup: true, activationEvent: '*'
[2021-12-19 20:15:25.211] [exthost] [info] Eager extensions activated
[2021-12-19 20:15:25.249] [exthost] [info] ExtensionService#_doActivateExtension vscode.emmet, startup: false, activationEvent: 'onStartupFinished'
[2021-12-19 20:15:25.284] [exthost] [info] ExtensionService#_doActivateExtension vscode.merge-conflict, startup: false, activationEvent: 'onStartupFinished'
[2021-12-19 20:15:25.289] [exthost] [info] ExtensionService#_doActivateExtension bradlc.vscode-tailwindcss, startup: false, activationEvent: 'onStartupFinished'
[2021-12-19 20:15:25.304] [exthost] [info] ExtensionService#_doActivateExtension dbaeumer.vscode-eslint, startup: false, activationEvent: 'onStartupFinished'
[2021-12-19 20:15:25.324] [exthost] [info] ExtensionService#_doActivateExtension esbenp.prettier-vscode, startup: false, activationEvent: 'onStartupFinished'
[2021-12-19 20:15:25.662] [exthost] [info] ExtensionService#_doActivateExtension formulahendry.code-runner, startup: false, activationEvent: 'onStartupFinished'
[2021-12-19 20:15:25.716] [exthost] [info] ExtensionService#_doActivateExtension PKief.material-icon-theme, startup: false, activationEvent: 'onStartupFinished'
[2021-12-19 20:15:25.729] [exthost] [info] ExtensionService#_doActivateExtension unthrottled.doki-theme, startup: false, activationEvent: 'onStartupFinished'
[2021-12-19 20:16:24.685] [exthost] [info] ExtensionService#_doActivateExtension vscode.html-language-features, startup: false, activationEvent: 'onLanguage:html'
[2021-12-19 20:17:27.540] [exthost] [info] extension host terminating: renderer closed the socket
[2021-12-19 20:17:27.589] [exthost] [error] Error: ENOENT: no such file or directory, open '/home/baianor/.config/VSCodium/User/globalStorage/vscodevim.vim/.registers'
[2021-12-19 20:17:27.589] [exthost] [info] Extension host with pid 818103 exiting with code 0
[2021-12-19 20:17:31.649] [exthost] [info] Extension host with pid 822636 started
[2021-12-19 20:17:31.650] [exthost] [info] Skipping acquiring lock for /home/baianor/.config/VSCodium/User/workspaceStorage/525f2637ea729113ac372678a6fc60ec.
[2021-12-19 20:17:31.779] [exthost] [info] ExtensionService#_doActivateExtension vscode.debug-auto-launch, startup: true, activationEvent: '*'
[2021-12-19 20:17:31.782] [exthost] [info] ExtensionService#_doActivateExtension vscode.git-base, startup: true, activationEvent: '*', root cause: vscode.github
[2021-12-19 20:17:31.785] [exthost] [info] ExtensionService#_doActivateExtension equinusocio.vsc-material-theme-icons, startup: true, activationEvent: '*'
[2021-12-19 20:17:31.817] [exthost] [info] ExtensionService#_doActivateExtension formulahendry.auto-close-tag, startup: true, activationEvent: '*'
[2021-12-19 20:17:31.819] [exthost] [info] ExtensionService#_doActivateExtension gencer.html-slim-scss-css-class-completion, startup: true, activationEvent: '*'
[2021-12-19 20:17:31.911] [exthost] [info] ExtensionService#_doActivateExtension kamikillerto.vscode-colorize, startup: true, activationEvent: '*'
[2021-12-19 20:17:31.937] [exthost] [info] ExtensionService#_doActivateExtension redwan-hossain.auto-rename-tag-clone, startup: true, activationEvent: '*'
[2021-12-19 20:17:31.944] [exthost] [info] ExtensionService#_doActivateExtension ritwickdey.LiveServer, startup: true, activationEvent: '*'
[2021-12-19 20:17:32.176] [exthost] [info] ExtensionService#_doActivateExtension sainnhe.gruvbox-material, startup: true, activationEvent: '*'
[2021-12-19 20:17:32.196] [exthost] [info] ExtensionService#_doActivateExtension Shan.code-settings-sync, startup: true, activationEvent: '*'
[2021-12-19 20:17:32.257] [exthost] [info] ExtensionService#_doActivateExtension streetsidesoftware.code-spell-checker, startup: true, activationEvent: '*', root cause: streetsidesoftware.code-spell-checker-portuguese-brazilian
[2021-12-19 20:17:32.291] [exthost] [info] ExtensionService#_doActivateExtension TabNine.tabnine-vscode, startup: true, activationEvent: '*'
[2021-12-19 20:17:32.311] [exthost] [info] ExtensionService#_doActivateExtension vscodevim.vim, startup: true, activationEvent: '*'
[2021-12-19 20:17:32.366] [exthost] [info] ExtensionService#_doActivateExtension vscode.npm, startup: true, activationEvent: 'workspaceContains:package.json'
[2021-12-19 20:17:33.090] [exthost] [info] ExtensionService#_doActivateExtension vscode.configuration-editing, startup: false, activationEvent: 'onLanguage:jsonc'
[2021-12-19 20:17:33.096] [exthost] [info] ExtensionService#_doActivateExtension vscode.json-language-features, startup: false, activationEvent: 'onLanguage:jsonc'
[2021-12-19 20:17:33.123] [exthost] [info] ExtensionService#_doActivateExtension vscode.typescript-language-features, startup: false, activationEvent: 'onLanguage:jsonc'
[2021-12-19 20:17:33.291] [exthost] [info] ExtensionService#_doActivateExtension vscode.git, startup: true, activationEvent: '*'
[2021-12-19 20:17:33.315] [exthost] [info] ExtensionService#_doActivateExtension vscode.github, startup: true, activationEvent: '*'
[2021-12-19 20:17:33.318] [exthost] [info] ExtensionService#_doActivateExtension streetsidesoftware.code-spell-checker-portuguese-brazilian, startup: true, activationEvent: '*'
[2021-12-19 20:17:33.360] [exthost] [info] Eager extensions activated
[2021-12-19 20:17:33.408] [exthost] [info] ExtensionService#_doActivateExtension vscode.emmet, startup: false, activationEvent: 'onStartupFinished'
[2021-12-19 20:17:33.418] [exthost] [info] ExtensionService#_doActivateExtension vscode.merge-conflict, startup: false, activationEvent: 'onStartupFinished'
[2021-12-19 20:17:33.421] [exthost] [info] ExtensionService#_doActivateExtension bradlc.vscode-tailwindcss, startup: false, activationEvent: 'onStartupFinished'
[2021-12-19 20:17:33.436] [exthost] [info] ExtensionService#_doActivateExtension dbaeumer.vscode-eslint, startup: false, activationEvent: 'onStartupFinished'
[2021-12-19 20:17:33.454] [exthost] [info] ExtensionService#_doActivateExtension esbenp.prettier-vscode, startup: false, activationEvent: 'onStartupFinished'
[2021-12-19 20:17:33.711] [exthost] [info] ExtensionService#_doActivateExtension formulahendry.code-runner, startup: false, activationEvent: 'onStartupFinished'
[2021-12-19 20:17:33.734] [exthost] [info] ExtensionService#_doActivateExtension PKief.material-icon-theme, startup: false, activationEvent: 'onStartupFinished'
[2021-12-19 20:17:33.745] [exthost] [info] ExtensionService#_doActivateExtension unthrottled.doki-theme, startup: false, activationEvent: 'onStartupFinished'
[2021-12-19 20:17:43.510] [exthost] [info] extension host terminating: renderer closed the socket
[2021-12-19 20:17:43.558] [exthost] [error] Error: ENOENT: no such file or directory, open '/home/baianor/.config/VSCodium/User/globalStorage/vscodevim.vim/.registers'
[2021-12-19 20:17:43.558] [exthost] [info] Extension host with pid 822636 exiting with code 0
[2021-12-19 20:17:46.923] [exthost] [info] Extension host with pid 823094 started
[2021-12-19 20:17:46.923] [exthost] [info] Skipping acquiring lock for /home/baianor/.config/VSCodium/User/workspaceStorage/525f2637ea729113ac372678a6fc60ec.
[2021-12-19 20:17:47.125] [exthost] [info] ExtensionService#_doActivateExtension vscode.debug-auto-launch, startup: true, activationEvent: '*'
[2021-12-19 20:17:47.128] [exthost] [info] ExtensionService#_doActivateExtension vscode.git-base, startup: true, activationEvent: '*', root cause: vscode.github
[2021-12-19 20:17:47.131] [exthost] [info] ExtensionService#_doActivateExtension equinusocio.vsc-material-theme-icons, startup: true, activationEvent: '*'
[2021-12-19 20:17:47.164] [exthost] [info] ExtensionService#_doActivateExtension formulahendry.auto-close-tag, startup: true, activationEvent: '*'
[2021-12-19 20:17:47.165] [exthost] [info] ExtensionService#_doActivateExtension gencer.html-slim-scss-css-class-completion, startup: true, activationEvent: '*'
[2021-12-19 20:17:47.260] [exthost] [info] ExtensionService#_doActivateExtension kamikillerto.vscode-colorize, startup: true, activationEvent: '*'
[2021-12-19 20:17:47.283] [exthost] [info] ExtensionService#_doActivateExtension redwan-hossain.auto-rename-tag-clone, startup: true, activationEvent: '*'
[2021-12-19 20:17:47.291] [exthost] [info] ExtensionService#_doActivateExtension ritwickdey.LiveServer, startup: true, activationEvent: '*'
[2021-12-19 20:17:47.527] [exthost] [info] ExtensionService#_doActivateExtension sainnhe.gruvbox-material, startup: true, activationEvent: '*'
[2021-12-19 20:17:47.541] [exthost] [info] ExtensionService#_doActivateExtension Shan.code-settings-sync, startup: true, activationEvent: '*'
[2021-12-19 20:17:47.591] [exthost] [info] ExtensionService#_doActivateExtension streetsidesoftware.code-spell-checker, startup: true, activationEvent: '*', root cause: streetsidesoftware.code-spell-checker-portuguese-brazilian
[2021-12-19 20:17:47.625] [exthost] [info] ExtensionService#_doActivateExtension TabNine.tabnine-vscode, startup: true, activationEvent: '*'
[2021-12-19 20:17:47.644] [exthost] [info] ExtensionService#_doActivateExtension vscodevim.vim, startup: true, activationEvent: '*'
[2021-12-19 20:17:47.700] [exthost] [info] ExtensionService#_doActivateExtension vscode.npm, startup: true, activationEvent: 'workspaceContains:package.json'
[2021-12-19 20:17:48.401] [exthost] [info] ExtensionService#_doActivateExtension vscode.configuration-editing, startup: false, activationEvent: 'onLanguage:jsonc'
[2021-12-19 20:17:48.405] [exthost] [info] ExtensionService#_doActivateExtension vscode.json-language-features, startup: false, activationEvent: 'onLanguage:jsonc'
[2021-12-19 20:17:48.422] [exthost] [info] ExtensionService#_doActivateExtension vscode.typescript-language-features, startup: false, activationEvent: 'onLanguage:jsonc'
[2021-12-19 20:17:48.573] [exthost] [info] ExtensionService#_doActivateExtension vscode.git, startup: true, activationEvent: '*'
[2021-12-19 20:17:48.595] [exthost] [info] ExtensionService#_doActivateExtension vscode.github, startup: true, activationEvent: '*'
[2021-12-19 20:17:48.598] [exthost] [info] ExtensionService#_doActivateExtension streetsidesoftware.code-spell-checker-portuguese-brazilian, startup: true, activationEvent: '*'
[2021-12-19 20:17:48.633] [exthost] [info] Eager extensions activated
[2021-12-19 20:17:48.679] [exthost] [info] ExtensionService#_doActivateExtension vscode.emmet, startup: false, activationEvent: 'onStartupFinished'
[2021-12-19 20:17:48.687] [exthost] [info] ExtensionService#_doActivateExtension vscode.merge-conflict, startup: false, activationEvent: 'onStartupFinished'
[2021-12-19 20:17:48.690] [exthost] [info] ExtensionService#_doActivateExtension bradlc.vscode-tailwindcss, startup: false, activationEvent: 'onStartupFinished'
[2021-12-19 20:17:48.699] [exthost] [info] ExtensionService#_doActivateExtension dbaeumer.vscode-eslint, startup: false, activationEvent: 'onStartupFinished'
[2021-12-19 20:17:48.713] [exthost] [info] ExtensionService#_doActivateExtension esbenp.prettier-vscode, startup: false, activationEvent: 'onStartupFinished'
[2021-12-19 20:17:48.966] [exthost] [info] ExtensionService#_doActivateExtension formulahendry.code-runner, startup: false, activationEvent: 'onStartupFinished'
[2021-12-19 20:17:48.991] [exthost] [info] ExtensionService#_doActivateExtension PKief.material-icon-theme, startup: false, activationEvent: 'onStartupFinished'
[2021-12-19 20:17:49.001] [exthost] [info] ExtensionService#_doActivateExtension unthrottled.doki-theme, startup: false, activationEvent: 'onStartupFinished'
[2021-12-19 21:52:54.799] [exthost] [info] extension host terminating: renderer closed the socket
[2021-12-19 21:52:54.844] [exthost] [error] Error: ENOENT: no such file or directory, open '/home/baianor/.config/VSCodium/User/globalStorage/vscodevim.vim/.registers'
[2021-12-19 21:52:54.850] [exthost] [info] Extension host with pid 823094 exiting with code 0
