[2021-12-24 10:46:15.364] [exthost] [info] Extension host with pid 42880 started
[2021-12-24 10:46:15.364] [exthost] [info] Skipping acquiring lock for /home/baianor/.config/VSCodium/User/workspaceStorage/6479e086760b66794fd6a06b8b68be11.
[2021-12-24 10:46:15.447] [exthost] [info] ExtensionService#_doActivateExtension vscode.debug-auto-launch, startup: true, activationEvent: '*'
[2021-12-24 10:46:15.452] [exthost] [info] ExtensionService#_doActivateExtension vscode.git-base, startup: true, activationEvent: '*', root cause: vscode.github
[2021-12-24 10:46:15.456] [exthost] [info] ExtensionService#_doActivateExtension equinusocio.vsc-material-theme-icons, startup: true, activationEvent: '*'
[2021-12-24 10:46:15.527] [exthost] [info] ExtensionService#_doActivateExtension formulahendry.auto-close-tag, startup: true, activationEvent: '*'
[2021-12-24 10:46:15.531] [exthost] [info] ExtensionService#_doActivateExtension gencer.html-slim-scss-css-class-completion, startup: true, activationEvent: '*'
[2021-12-24 10:46:15.641] [exthost] [info] ExtensionService#_doActivateExtension kamikillerto.vscode-colorize, startup: true, activationEvent: '*'
[2021-12-24 10:46:15.689] [exthost] [info] ExtensionService#_doActivateExtension redwan-hossain.auto-rename-tag-clone, startup: true, activationEvent: '*'
[2021-12-24 10:46:15.699] [exthost] [info] ExtensionService#_doActivateExtension ritwickdey.LiveServer, startup: true, activationEvent: '*'
[2021-12-24 10:46:16.159] [exthost] [info] ExtensionService#_doActivateExtension sainnhe.gruvbox-material, startup: true, activationEvent: '*'
[2021-12-24 10:46:16.190] [exthost] [info] ExtensionService#_doActivateExtension Shan.code-settings-sync, startup: true, activationEvent: '*'
[2021-12-24 10:46:16.244] [exthost] [info] ExtensionService#_doActivateExtension streetsidesoftware.code-spell-checker, startup: true, activationEvent: '*', root cause: streetsidesoftware.code-spell-checker-portuguese-brazilian
[2021-12-24 10:46:16.353] [exthost] [info] ExtensionService#_doActivateExtension TabNine.tabnine-vscode, startup: true, activationEvent: '*'
[2021-12-24 10:46:16.376] [exthost] [info] ExtensionService#_doActivateExtension vscodevim.vim, startup: true, activationEvent: '*'
[2021-12-24 10:46:16.773] [exthost] [info] ExtensionService#_doActivateExtension vscode.configuration-editing, startup: false, activationEvent: 'onLanguage:jsonc'
[2021-12-24 10:46:16.784] [exthost] [info] ExtensionService#_doActivateExtension vscode.json-language-features, startup: false, activationEvent: 'onLanguage:jsonc'
[2021-12-24 10:46:16.812] [exthost] [info] ExtensionService#_doActivateExtension vscode.typescript-language-features, startup: false, activationEvent: 'onLanguage:jsonc'
[2021-12-24 10:46:16.892] [exthost] [info] ExtensionService#_doActivateExtension vscode.git, startup: true, activationEvent: '*'
[2021-12-24 10:46:16.924] [exthost] [info] ExtensionService#_doActivateExtension vscode.github, startup: true, activationEvent: '*'
[2021-12-24 10:46:16.933] [exthost] [info] ExtensionService#_doActivateExtension streetsidesoftware.code-spell-checker-portuguese-brazilian, startup: true, activationEvent: '*'
[2021-12-24 10:46:16.998] [exthost] [info] Eager extensions activated
[2021-12-24 10:46:17.034] [exthost] [info] ExtensionService#_doActivateExtension vscode.emmet, startup: false, activationEvent: 'onStartupFinished'
[2021-12-24 10:46:17.047] [exthost] [info] ExtensionService#_doActivateExtension vscode.merge-conflict, startup: false, activationEvent: 'onStartupFinished'
[2021-12-24 10:46:17.055] [exthost] [info] ExtensionService#_doActivateExtension bradlc.vscode-tailwindcss, startup: false, activationEvent: 'onStartupFinished'
[2021-12-24 10:46:17.071] [exthost] [info] ExtensionService#_doActivateExtension dbaeumer.vscode-eslint, startup: false, activationEvent: 'onStartupFinished'
[2021-12-24 10:46:17.090] [exthost] [info] ExtensionService#_doActivateExtension esbenp.prettier-vscode, startup: false, activationEvent: 'onStartupFinished'
[2021-12-24 10:46:17.402] [exthost] [info] ExtensionService#_doActivateExtension formulahendry.code-runner, startup: false, activationEvent: 'onStartupFinished'
[2021-12-24 10:46:17.444] [exthost] [info] ExtensionService#_doActivateExtension PKief.material-icon-theme, startup: false, activationEvent: 'onStartupFinished'
[2021-12-24 10:46:17.455] [exthost] [info] ExtensionService#_doActivateExtension unthrottled.doki-theme, startup: false, activationEvent: 'onStartupFinished'
[2021-12-24 10:47:09.438] [exthost] [info] ExtensionService#_doActivateExtension vscode.extension-editing, startup: false, activationEvent: 'onLanguage:markdown'
[2021-12-24 10:47:09.448] [exthost] [info] ExtensionService#_doActivateExtension vscode.markdown-language-features, startup: false, activationEvent: 'onLanguage:markdown'
[2021-12-24 10:47:10.164] [exthost] [info] ExtensionService#_doActivateExtension vscode.markdown-math, startup: false, activationEvent: 'api', root cause: vscode.markdown-language-features
[2021-12-24 10:47:39.591] [exthost] [info] ExtensionService#_doActivateExtension vscode.npm, startup: false, activationEvent: 'onLanguage:json'
[2021-12-24 10:51:39.061] [exthost] [info] ExtensionService#_doActivateExtension vscode.image-preview, startup: false, activationEvent: 'onCustomEditor:imagePreview.previewEditor'
[2021-12-24 10:52:30.876] [exthost] [info] extension host terminating: renderer closed the socket
[2021-12-24 10:52:30.916] [exthost] [error] Error: ENOENT: no such file or directory, open '/home/baianor/.config/VSCodium/User/globalStorage/vscodevim.vim/.registers'
[2021-12-24 10:52:31.641] [exthost] [info] Extension host with pid 42880 exiting with code 0
