[2021-12-27 22:37:31.340] [renderer1] [error] [Extension Host] (node:15108) [DEP0005] DeprecationWarning: Buffer() is deprecated due to security and usability issues. Please use the Buffer.alloc(), Buffer.allocUnsafe(), or Buffer.from() methods instead.
(Use `code --trace-deprecation ...` to show where the warning was created)
[2021-12-27 22:37:34.745] [renderer1] [error] ENOENT: no such file or directory, open '/home/baianor/.config/Code/User/globalStorage/vscodevim.vim/.registers': Error: ENOENT: no such file or directory, open '/home/baianor/.config/Code/User/globalStorage/vscodevim.vim/.registers'
[2021-12-27 22:37:49.025] [renderer1] [error] [Extension Host] (node:20365) [DEP0005] DeprecationWarning: Buffer() is deprecated due to security and usability issues. Please use the Buffer.alloc(), Buffer.allocUnsafe(), or Buffer.from() methods instead.
(Use `code --trace-deprecation ...` to show where the warning was created)
[2021-12-27 22:37:51.885] [renderer1] [error] ENOENT: no such file or directory, open '/home/baianor/.config/Code/User/globalStorage/vscodevim.vim/.registers': Error: ENOENT: no such file or directory, open '/home/baianor/.config/Code/User/globalStorage/vscodevim.vim/.registers'
[2021-12-27 22:37:51.928] [renderer1] [error] [Extension Host] validating /home/baianor/.config/Code/User/globalStorage/tabnine.tabnine-vscode/binaries/4.0.37/x86_64-unknown-linux-musl/TabNine timeout
[2021-12-27 22:37:53.953] [renderer1] [error] Cannot read property 'document' of undefined: TypeError: Cannot read property 'document' of undefined
    at /home/baianor/.vscode/extensions/vscodevim.vim-1.21.10/extensionBase.ts:250:40
    at processTicksAndRejections (internal/process/task_queues.js:93:5)
[2021-12-27 22:38:04.019] [renderer1] [error] [Extension Host] SyntaxError: Unexpected token O in JSON at position 0
    at JSON.parse (<anonymous>)
    at t.default.request (/home/baianor/.vscode/extensions/tabnine.tabnine-vscode-3.5.11/out/extension.js:17:31313)
    at runMicrotasks (<anonymous>)
    at processTicksAndRejections (internal/process/task_queues.js:93:5)
    at t.default.request (/home/baianor/.vscode/extensions/tabnine.tabnine-vscode-3.5.11/out/extension.js:17:29448)
    at Object.t.getCapabilities (/home/baianor/.vscode/extensions/tabnine.tabnine-vscode-3.5.11/out/extension.js:17:42006)
[2021-12-27 22:38:04.020] [renderer1] [error] [Extension Host] Error: Could not get enabled capabilities
    at Object.t.getCapabilities (/home/baianor/.vscode/extensions/tabnine.tabnine-vscode-3.5.11/out/extension.js:17:42115)
    at runMicrotasks (<anonymous>)
    at processTicksAndRejections (internal/process/task_queues.js:93:5)
[2021-12-27 22:38:05.021] [renderer1] [error] [Extension Host] Error: Binary request timed out.
    at Timeout._onTimeout (/home/baianor/.vscode/extensions/tabnine.tabnine-vscode-3.5.11/out/extension.js:17:31414)
    at listOnTimeout (internal/timers.js:554:17)
    at processTimers (internal/timers.js:497:7)
[2021-12-27 22:38:06.068] [renderer1] [error] Read a response from the engine before a request was written.: Error: Read a response from the engine before a request was written.
    at Interface.<anonymous> (/home/baianor/.vscode/extensions/tabnine.tabnine-vscode-3.5.11/out/extension.js:17:31858)
    at Interface.emit (events.js:315:20)
    at Interface._onLine (readline.js:337:10)
    at Interface._normalWrite (readline.js:482:12)
    at Socket.ondata (readline.js:194:10)
    at Socket.emit (events.js:315:20)
    at addChunk (internal/streams/readable.js:309:12)
    at readableAddChunk (internal/streams/readable.js:284:9)
    at Socket.Readable.push (internal/streams/readable.js:223:10)
    at Pipe.onStreamRead (internal/stream_base_commons.js:188:23)
[2021-12-27 22:38:08.981] [renderer1] [error] [Extension Host] validating /home/baianor/.config/Code/User/globalStorage/tabnine.tabnine-vscode/binaries/4.0.37/x86_64-unknown-linux-musl/TabNine timeout
[2021-12-27 22:42:25.348] [renderer1] [error] [Extension Host] (node:22569) [DEP0005] DeprecationWarning: Buffer() is deprecated due to security and usability issues. Please use the Buffer.alloc(), Buffer.allocUnsafe(), or Buffer.from() methods instead.
(Use `code --trace-deprecation ...` to show where the warning was created)
[2021-12-27 22:42:28.985] [renderer1] [error] [Extension Host] validating /home/baianor/.config/Code/User/globalStorage/tabnine.tabnine-vscode/binaries/4.0.37/x86_64-unknown-linux-musl/TabNine timeout
[2021-12-27 23:14:43.635] [renderer1] [error] [Extension Host] TypeError: Cannot read property 'version' of null
    at /home/baianor/.vscode/extensions/naumovs.color-highlight-2.5.0/dist/extension-node.js:1:68024
    at l (/home/baianor/.vscode/extensions/naumovs.color-highlight-2.5.0/dist/extension-node.js:1:4485)
    at Generator._invoke (/home/baianor/.vscode/extensions/naumovs.color-highlight-2.5.0/dist/extension-node.js:1:4273)
    at Generator.next (/home/baianor/.vscode/extensions/naumovs.color-highlight-2.5.0/dist/extension-node.js:1:4910)
    at l (/home/baianor/.vscode/extensions/naumovs.color-highlight-2.5.0/dist/extension-node.js:1:4485)
    at M (/home/baianor/.vscode/extensions/naumovs.color-highlight-2.5.0/dist/extension-node.js:1:5658)
    at Generator._invoke (/home/baianor/.vscode/extensions/naumovs.color-highlight-2.5.0/dist/extension-node.js:1:4050)
    at Generator.next (/home/baianor/.vscode/extensions/naumovs.color-highlight-2.5.0/dist/extension-node.js:1:4910)
    at t (/home/baianor/.vscode/extensions/naumovs.color-highlight-2.5.0/dist/extension-node.js:1:413)
    at s (/home/baianor/.vscode/extensions/naumovs.color-highlight-2.5.0/dist/extension-node.js:1:624)
    at processTicksAndRejections (internal/process/task_queues.js:93:5)
[2021-12-27 23:14:43.636] [renderer1] [error] [Extension Host] TypeError: Cannot read property 'version' of null
    at /home/baianor/.vscode/extensions/naumovs.color-highlight-2.5.0/dist/extension-node.js:1:68024
    at l (/home/baianor/.vscode/extensions/naumovs.color-highlight-2.5.0/dist/extension-node.js:1:4485)
    at Generator._invoke (/home/baianor/.vscode/extensions/naumovs.color-highlight-2.5.0/dist/extension-node.js:1:4273)
    at Generator.next (/home/baianor/.vscode/extensions/naumovs.color-highlight-2.5.0/dist/extension-node.js:1:4910)
    at l (/home/baianor/.vscode/extensions/naumovs.color-highlight-2.5.0/dist/extension-node.js:1:4485)
    at M (/home/baianor/.vscode/extensions/naumovs.color-highlight-2.5.0/dist/extension-node.js:1:5658)
    at Generator._invoke (/home/baianor/.vscode/extensions/naumovs.color-highlight-2.5.0/dist/extension-node.js:1:4050)
    at Generator.next (/home/baianor/.vscode/extensions/naumovs.color-highlight-2.5.0/dist/extension-node.js:1:4910)
    at t (/home/baianor/.vscode/extensions/naumovs.color-highlight-2.5.0/dist/extension-node.js:1:413)
    at s (/home/baianor/.vscode/extensions/naumovs.color-highlight-2.5.0/dist/extension-node.js:1:624)
    at processTicksAndRejections (internal/process/task_queues.js:93:5)
[2021-12-27 23:15:06.671] [renderer1] [error] [Extension Host] TypeError: Cannot read property 'version' of null
    at /home/baianor/.vscode/extensions/naumovs.color-highlight-2.5.0/dist/extension-node.js:1:68024
    at l (/home/baianor/.vscode/extensions/naumovs.color-highlight-2.5.0/dist/extension-node.js:1:4485)
    at Generator._invoke (/home/baianor/.vscode/extensions/naumovs.color-highlight-2.5.0/dist/extension-node.js:1:4273)
    at Generator.next (/home/baianor/.vscode/extensions/naumovs.color-highlight-2.5.0/dist/extension-node.js:1:4910)
    at l (/home/baianor/.vscode/extensions/naumovs.color-highlight-2.5.0/dist/extension-node.js:1:4485)
    at M (/home/baianor/.vscode/extensions/naumovs.color-highlight-2.5.0/dist/extension-node.js:1:5658)
    at Generator._invoke (/home/baianor/.vscode/extensions/naumovs.color-highlight-2.5.0/dist/extension-node.js:1:4050)
    at Generator.next (/home/baianor/.vscode/extensions/naumovs.color-highlight-2.5.0/dist/extension-node.js:1:4910)
    at t (/home/baianor/.vscode/extensions/naumovs.color-highlight-2.5.0/dist/extension-node.js:1:413)
    at s (/home/baianor/.vscode/extensions/naumovs.color-highlight-2.5.0/dist/extension-node.js:1:624)
    at processTicksAndRejections (internal/process/task_queues.js:93:5)
