Validating found git in: git
Using git 2.34.1 from git
> git rev-parse --git-dir
Open repository: /home/baianor/Trybe/projetos-TRYBE/sd-019-c-project-mistery-letter
> git status -z -u
> git symbolic-ref --short HEAD
> git for-each-ref --format=%(refname)%00%(upstream:short)%00%(objectname)%00%(upstream:track) refs/heads/adson-reis-project-mistery-letter refs/remotes/adson-reis-project-mistery-letter
> git for-each-ref --sort -committerdate --format %(refname) %(objectname) %(*objectname)
> git remote --verbose
> git config --get commit.template
> git check-ignore -v -z --stdin
> git show --textconv :script.js
> git ls-files --stage -- /home/baianor/Trybe/projetos-TRYBE/sd-019-c-project-mistery-letter/script.js
> git cat-file -s e12c80175e46af954dc2de15e571289e358b8cec
> git show --textconv :script.js
> git ls-files --stage -- /home/baianor/Trybe/projetos-TRYBE/sd-019-c-project-mistery-letter/script.js
> git cat-file -s e12c80175e46af954dc2de15e571289e358b8cec
> git status -z -u
> git symbolic-ref --short HEAD
> git ls-files --stage -- /home/baianor/Trybe/projetos-TRYBE/sd-019-c-project-mistery-letter/script.js
> git for-each-ref --format=%(refname)%00%(upstream:short)%00%(objectname)%00%(upstream:track) refs/heads/adson-reis-project-mistery-letter refs/remotes/adson-reis-project-mistery-letter
> git cat-file -s e12c80175e46af954dc2de15e571289e358b8cec
> git for-each-ref --sort -committerdate --format %(refname) %(objectname) %(*objectname)
> git remote --verbose
> git config --get commit.template
> git show --textconv :script.js
> git show --textconv :script.js
> git ls-files --stage -- /home/baianor/Trybe/projetos-TRYBE/sd-019-c-project-mistery-letter/script.js
> git cat-file -s e12c80175e46af954dc2de15e571289e358b8cec
Opening repository for path='/home/baianor/.local/share/applications' failed; ex=Failed to execute git {
  "exitCode": 128,
  "gitErrorCode": "NotAGitRepository",
  "gitCommand": "rev-parse",
  "stdout": "",
  "stderr": "fatal: not a git repository (or any of the parent directories): .git\n"
}
> git show --textconv :script.js
> git ls-files --stage -- /home/baianor/Trybe/projetos-TRYBE/sd-019-c-project-mistery-letter/script.js
> git cat-file -s e12c80175e46af954dc2de15e571289e358b8cec
